<?xml version="1.0" encoding="UTF-8"?>
<testsuite name="testpackage.TestClass" tests="14" skipped="0" failures="14" errors="0" timestamp="2017-12-03T19:58:48" hostname="Lenovo-Z570" time="13.107">
  <properties/>
  <testcase name="task3aIsCorrect" classname="testpackage.TestClass" time="0.005">
    <failure message="org.neo4j.driver.v1.exceptions.ServiceUnavailableException: Unable to connect to localhost:7687, ensure the database is running and that there is a working network connection to it." type="org.neo4j.driver.v1.exceptions.ServiceUnavailableException">org.neo4j.driver.v1.exceptions.ServiceUnavailableException: Unable to connect to localhost:7687, ensure the database is running and that there is a working network connection to it.
	at org.neo4j.driver.internal.net.SocketClient.start(SocketClient.java:132)
	at org.neo4j.driver.internal.net.SocketConnection.startSocketClient(SocketConnection.java:92)
	at org.neo4j.driver.internal.net.SocketConnection.&lt;init&gt;(SocketConnection.java:67)
	at org.neo4j.driver.internal.net.SocketConnector.createConnection(SocketConnector.java:77)
	at org.neo4j.driver.internal.net.SocketConnector.connect(SocketConnector.java:50)
	at org.neo4j.driver.internal.net.pooling.SocketConnectionPool$ConnectionSupplier.get(SocketConnectionPool.java:216)
	at org.neo4j.driver.internal.net.pooling.SocketConnectionPool$ConnectionSupplier.get(SocketConnectionPool.java:198)
	at org.neo4j.driver.internal.net.pooling.BlockingPooledConnectionQueue.acquire(BlockingPooledConnectionQueue.java:96)
	at org.neo4j.driver.internal.net.pooling.SocketConnectionPool.acquireConnection(SocketConnectionPool.java:149)
	at org.neo4j.driver.internal.net.pooling.SocketConnectionPool.acquire(SocketConnectionPool.java:76)
	at org.neo4j.driver.internal.DirectConnectionProvider.acquireConnection(DirectConnectionProvider.java:47)
	at org.neo4j.driver.internal.DirectConnectionProvider.verifyConnectivity(DirectConnectionProvider.java:67)
	at org.neo4j.driver.internal.DirectConnectionProvider.&lt;init&gt;(DirectConnectionProvider.java:41)
	at org.neo4j.driver.internal.DriverFactory.createDirectDriver(DriverFactory.java:109)
	at org.neo4j.driver.internal.DriverFactory.createDriver(DriverFactory.java:93)
	at org.neo4j.driver.internal.DriverFactory.newInstance(DriverFactory.java:67)
	at org.neo4j.driver.v1.GraphDatabase.driver(GraphDatabase.java:135)
	at org.neo4j.driver.v1.GraphDatabase.driver(GraphDatabase.java:117)
	at org.neo4j.driver.v1.GraphDatabase.driver(GraphDatabase.java:92)
	at packagewithmainclass.Lab3_main.&lt;init&gt;(Lab3_main.java:14)
	at testpackage.TestClass.&lt;init&gt;(TestClass.java:9)
	at sun.reflect.NativeConstructorAccessorImpl.newInstance0(Native Method)
	at sun.reflect.NativeConstructorAccessorImpl.newInstance(NativeConstructorAccessorImpl.java:62)
	at sun.reflect.DelegatingConstructorAccessorImpl.newInstance(DelegatingConstructorAccessorImpl.java:45)
	at java.lang.reflect.Constructor.newInstance(Constructor.java:423)
	at org.junit.runners.BlockJUnit4ClassRunner.createTest(BlockJUnit4ClassRunner.java:187)
	at org.junit.runners.BlockJUnit4ClassRunner$1.runReflectiveCall(BlockJUnit4ClassRunner.java:236)
	at org.junit.internal.runners.model.ReflectiveCallable.run(ReflectiveCallable.java:15)
	at org.junit.runners.BlockJUnit4ClassRunner.methodBlock(BlockJUnit4ClassRunner.java:233)
	at org.junit.runners.BlockJUnit4ClassRunner.runChild(BlockJUnit4ClassRunner.java:68)
	at org.junit.runners.BlockJUnit4ClassRunner.runChild(BlockJUnit4ClassRunner.java:47)
	at org.junit.runners.ParentRunner$3.run(ParentRunner.java:231)
	at org.junit.runners.ParentRunner$1.schedule(ParentRunner.java:60)
	at org.junit.runners.ParentRunner.runChildren(ParentRunner.java:229)
	at org.junit.runners.ParentRunner.access$000(ParentRunner.java:50)
	at org.junit.runners.ParentRunner$2.evaluate(ParentRunner.java:222)
	at org.junit.runners.ParentRunner.run(ParentRunner.java:300)
	at org.gradle.api.internal.tasks.testing.junit.JUnitTestClassExecuter.runTestClass(JUnitTestClassExecuter.java:114)
	at org.gradle.api.internal.tasks.testing.junit.JUnitTestClassExecuter.execute(JUnitTestClassExecuter.java:57)
	at org.gradle.api.internal.tasks.testing.junit.JUnitTestClassProcessor.processTestClass(JUnitTestClassProcessor.java:66)
	at org.gradle.api.internal.tasks.testing.SuiteTestClassProcessor.processTestClass(SuiteTestClassProcessor.java:51)
	at sun.reflect.NativeMethodAccessorImpl.invoke0(Native Method)
	at sun.reflect.NativeMethodAccessorImpl.invoke(NativeMethodAccessorImpl.java:62)
	at sun.reflect.DelegatingMethodAccessorImpl.invoke(DelegatingMethodAccessorImpl.java:43)
	at java.lang.reflect.Method.invoke(Method.java:498)
	at org.gradle.internal.dispatch.ReflectionDispatch.dispatch(ReflectionDispatch.java:35)
	at org.gradle.internal.dispatch.ReflectionDispatch.dispatch(ReflectionDispatch.java:24)
	at org.gradle.internal.dispatch.ContextClassLoaderDispatch.dispatch(ContextClassLoaderDispatch.java:32)
	at org.gradle.internal.dispatch.ProxyDispatchAdapter$DispatchingInvocationHandler.invoke(ProxyDispatchAdapter.java:93)
	at com.sun.proxy.$Proxy2.processTestClass(Unknown Source)
	at org.gradle.api.internal.tasks.testing.worker.TestWorker.processTestClass(TestWorker.java:109)
	at sun.reflect.NativeMethodAccessorImpl.invoke0(Native Method)
	at sun.reflect.NativeMethodAccessorImpl.invoke(NativeMethodAccessorImpl.java:62)
	at sun.reflect.DelegatingMethodAccessorImpl.invoke(DelegatingMethodAccessorImpl.java:43)
	at java.lang.reflect.Method.invoke(Method.java:498)
	at org.gradle.internal.dispatch.ReflectionDispatch.dispatch(ReflectionDispatch.java:35)
	at org.gradle.internal.dispatch.ReflectionDispatch.dispatch(ReflectionDispatch.java:24)
	at org.gradle.internal.remote.internal.hub.MessageHubBackedObjectConnection$DispatchWrapper.dispatch(MessageHubBackedObjectConnection.java:147)
	at org.gradle.internal.remote.internal.hub.MessageHubBackedObjectConnection$DispatchWrapper.dispatch(MessageHubBackedObjectConnection.java:129)
	at org.gradle.internal.remote.internal.hub.MessageHub$Handler.run(MessageHub.java:404)
	at org.gradle.internal.concurrent.ExecutorPolicy$CatchAndRecordFailures.onExecute(ExecutorPolicy.java:63)
	at org.gradle.internal.concurrent.StoppableExecutorImpl$1.run(StoppableExecutorImpl.java:46)
	at java.util.concurrent.ThreadPoolExecutor.runWorker(ThreadPoolExecutor.java:1142)
	at java.util.concurrent.ThreadPoolExecutor$Worker.run(ThreadPoolExecutor.java:617)
	at java.lang.Thread.run(Thread.java:745)
Caused by: java.net.ConnectException: Connection refused: no further information
	at sun.nio.ch.SocketChannelImpl.checkConnect(Native Method)
	at sun.nio.ch.SocketChannelImpl.finishConnect(SocketChannelImpl.java:717)
	at sun.nio.ch.SocketAdaptor.connect(SocketAdaptor.java:111)
	at org.neo4j.driver.internal.net.ChannelFactory.connect(ChannelFactory.java:79)
	at org.neo4j.driver.internal.net.ChannelFactory.create(ChannelFactory.java:41)
	at org.neo4j.driver.internal.net.SocketClient.start(SocketClient.java:126)
	... 64 more
</failure>
  </testcase>
  <testcase name="task3bIsCorrect" classname="testpackage.TestClass" time="0.0">
    <failure message="org.neo4j.driver.v1.exceptions.ServiceUnavailableException: Unable to connect to localhost:7687, ensure the database is running and that there is a working network connection to it." type="org.neo4j.driver.v1.exceptions.ServiceUnavailableException">org.neo4j.driver.v1.exceptions.ServiceUnavailableException: Unable to connect to localhost:7687, ensure the database is running and that there is a working network connection to it.
	at org.neo4j.driver.internal.net.SocketClient.start(SocketClient.java:132)
	at org.neo4j.driver.internal.net.SocketConnection.startSocketClient(SocketConnection.java:92)
	at org.neo4j.driver.internal.net.SocketConnection.&lt;init&gt;(SocketConnection.java:67)
	at org.neo4j.driver.internal.net.SocketConnector.createConnection(SocketConnector.java:77)
	at org.neo4j.driver.internal.net.SocketConnector.connect(SocketConnector.java:50)
	at org.neo4j.driver.internal.net.pooling.SocketConnectionPool$ConnectionSupplier.get(SocketConnectionPool.java:216)
	at org.neo4j.driver.internal.net.pooling.SocketConnectionPool$ConnectionSupplier.get(SocketConnectionPool.java:198)
	at org.neo4j.driver.internal.net.pooling.BlockingPooledConnectionQueue.acquire(BlockingPooledConnectionQueue.java:96)
	at org.neo4j.driver.internal.net.pooling.SocketConnectionPool.acquireConnection(SocketConnectionPool.java:149)
	at org.neo4j.driver.internal.net.pooling.SocketConnectionPool.acquire(SocketConnectionPool.java:76)
	at org.neo4j.driver.internal.DirectConnectionProvider.acquireConnection(DirectConnectionProvider.java:47)
	at org.neo4j.driver.internal.DirectConnectionProvider.verifyConnectivity(DirectConnectionProvider.java:67)
	at org.neo4j.driver.internal.DirectConnectionProvider.&lt;init&gt;(DirectConnectionProvider.java:41)
	at org.neo4j.driver.internal.DriverFactory.createDirectDriver(DriverFactory.java:109)
	at org.neo4j.driver.internal.DriverFactory.createDriver(DriverFactory.java:93)
	at org.neo4j.driver.internal.DriverFactory.newInstance(DriverFactory.java:67)
	at org.neo4j.driver.v1.GraphDatabase.driver(GraphDatabase.java:135)
	at org.neo4j.driver.v1.GraphDatabase.driver(GraphDatabase.java:117)
	at org.neo4j.driver.v1.GraphDatabase.driver(GraphDatabase.java:92)
	at packagewithmainclass.Lab3_main.&lt;init&gt;(Lab3_main.java:14)
	at testpackage.TestClass.&lt;init&gt;(TestClass.java:9)
	at sun.reflect.NativeConstructorAccessorImpl.newInstance0(Native Method)
	at sun.reflect.NativeConstructorAccessorImpl.newInstance(NativeConstructorAccessorImpl.java:62)
	at sun.reflect.DelegatingConstructorAccessorImpl.newInstance(DelegatingConstructorAccessorImpl.java:45)
	at java.lang.reflect.Constructor.newInstance(Constructor.java:423)
	at org.junit.runners.BlockJUnit4ClassRunner.createTest(BlockJUnit4ClassRunner.java:187)
	at org.junit.runners.BlockJUnit4ClassRunner$1.runReflectiveCall(BlockJUnit4ClassRunner.java:236)
	at org.junit.internal.runners.model.ReflectiveCallable.run(ReflectiveCallable.java:15)
	at org.junit.runners.BlockJUnit4ClassRunner.methodBlock(BlockJUnit4ClassRunner.java:233)
	at org.junit.runners.BlockJUnit4ClassRunner.runChild(BlockJUnit4ClassRunner.java:68)
	at org.junit.runners.BlockJUnit4ClassRunner.runChild(BlockJUnit4ClassRunner.java:47)
	at org.junit.runners.ParentRunner$3.run(ParentRunner.java:231)
	at org.junit.runners.ParentRunner$1.schedule(ParentRunner.java:60)
	at org.junit.runners.ParentRunner.runChildren(ParentRunner.java:229)
	at org.junit.runners.ParentRunner.access$000(ParentRunner.java:50)
	at org.junit.runners.ParentRunner$2.evaluate(ParentRunner.java:222)
	at org.junit.runners.ParentRunner.run(ParentRunner.java:300)
	at org.gradle.api.internal.tasks.testing.junit.JUnitTestClassExecuter.runTestClass(JUnitTestClassExecuter.java:114)
	at org.gradle.api.internal.tasks.testing.junit.JUnitTestClassExecuter.execute(JUnitTestClassExecuter.java:57)
	at org.gradle.api.internal.tasks.testing.junit.JUnitTestClassProcessor.processTestClass(JUnitTestClassProcessor.java:66)
	at org.gradle.api.internal.tasks.testing.SuiteTestClassProcessor.processTestClass(SuiteTestClassProcessor.java:51)
	at sun.reflect.NativeMethodAccessorImpl.invoke0(Native Method)
	at sun.reflect.NativeMethodAccessorImpl.invoke(NativeMethodAccessorImpl.java:62)
	at sun.reflect.DelegatingMethodAccessorImpl.invoke(DelegatingMethodAccessorImpl.java:43)
	at java.lang.reflect.Method.invoke(Method.java:498)
	at org.gradle.internal.dispatch.ReflectionDispatch.dispatch(ReflectionDispatch.java:35)
	at org.gradle.internal.dispatch.ReflectionDispatch.dispatch(ReflectionDispatch.java:24)
	at org.gradle.internal.dispatch.ContextClassLoaderDispatch.dispatch(ContextClassLoaderDispatch.java:32)
	at org.gradle.internal.dispatch.ProxyDispatchAdapter$DispatchingInvocationHandler.invoke(ProxyDispatchAdapter.java:93)
	at com.sun.proxy.$Proxy2.processTestClass(Unknown Source)
	at org.gradle.api.internal.tasks.testing.worker.TestWorker.processTestClass(TestWorker.java:109)
	at sun.reflect.NativeMethodAccessorImpl.invoke0(Native Method)
	at sun.reflect.NativeMethodAccessorImpl.invoke(NativeMethodAccessorImpl.java:62)
	at sun.reflect.DelegatingMethodAccessorImpl.invoke(DelegatingMethodAccessorImpl.java:43)
	at java.lang.reflect.Method.invoke(Method.java:498)
	at org.gradle.internal.dispatch.ReflectionDispatch.dispatch(ReflectionDispatch.java:35)
	at org.gradle.internal.dispatch.ReflectionDispatch.dispatch(ReflectionDispatch.java:24)
	at org.gradle.internal.remote.internal.hub.MessageHubBackedObjectConnection$DispatchWrapper.dispatch(MessageHubBackedObjectConnection.java:147)
	at org.gradle.internal.remote.internal.hub.MessageHubBackedObjectConnection$DispatchWrapper.dispatch(MessageHubBackedObjectConnection.java:129)
	at org.gradle.internal.remote.internal.hub.MessageHub$Handler.run(MessageHub.java:404)
	at org.gradle.internal.concurrent.ExecutorPolicy$CatchAndRecordFailures.onExecute(ExecutorPolicy.java:63)
	at org.gradle.internal.concurrent.StoppableExecutorImpl$1.run(StoppableExecutorImpl.java:46)
	at java.util.concurrent.ThreadPoolExecutor.runWorker(ThreadPoolExecutor.java:1142)
	at java.util.concurrent.ThreadPoolExecutor$Worker.run(ThreadPoolExecutor.java:617)
	at java.lang.Thread.run(Thread.java:745)
Caused by: java.net.ConnectException: Connection refused: no further information
	at sun.nio.ch.SocketChannelImpl.checkConnect(Native Method)
	at sun.nio.ch.SocketChannelImpl.finishConnect(SocketChannelImpl.java:717)
	at sun.nio.ch.SocketAdaptor.connect(SocketAdaptor.java:111)
	at org.neo4j.driver.internal.net.ChannelFactory.connect(ChannelFactory.java:79)
	at org.neo4j.driver.internal.net.ChannelFactory.create(ChannelFactory.java:41)
	at org.neo4j.driver.internal.net.SocketClient.start(SocketClient.java:126)
	... 64 more
</failure>
  </testcase>
  <testcase name="task3cIsCorrect" classname="testpackage.TestClass" time="0.0">
    <failure message="org.neo4j.driver.v1.exceptions.ServiceUnavailableException: Unable to connect to localhost:7687, ensure the database is running and that there is a working network connection to it." type="org.neo4j.driver.v1.exceptions.ServiceUnavailableException">org.neo4j.driver.v1.exceptions.ServiceUnavailableException: Unable to connect to localhost:7687, ensure the database is running and that there is a working network connection to it.
	at org.neo4j.driver.internal.net.SocketClient.start(SocketClient.java:132)
	at org.neo4j.driver.internal.net.SocketConnection.startSocketClient(SocketConnection.java:92)
	at org.neo4j.driver.internal.net.SocketConnection.&lt;init&gt;(SocketConnection.java:67)
	at org.neo4j.driver.internal.net.SocketConnector.createConnection(SocketConnector.java:77)
	at org.neo4j.driver.internal.net.SocketConnector.connect(SocketConnector.java:50)
	at org.neo4j.driver.internal.net.pooling.SocketConnectionPool$ConnectionSupplier.get(SocketConnectionPool.java:216)
	at org.neo4j.driver.internal.net.pooling.SocketConnectionPool$ConnectionSupplier.get(SocketConnectionPool.java:198)
	at org.neo4j.driver.internal.net.pooling.BlockingPooledConnectionQueue.acquire(BlockingPooledConnectionQueue.java:96)
	at org.neo4j.driver.internal.net.pooling.SocketConnectionPool.acquireConnection(SocketConnectionPool.java:149)
	at org.neo4j.driver.internal.net.pooling.SocketConnectionPool.acquire(SocketConnectionPool.java:76)
	at org.neo4j.driver.internal.DirectConnectionProvider.acquireConnection(DirectConnectionProvider.java:47)
	at org.neo4j.driver.internal.DirectConnectionProvider.verifyConnectivity(DirectConnectionProvider.java:67)
	at org.neo4j.driver.internal.DirectConnectionProvider.&lt;init&gt;(DirectConnectionProvider.java:41)
	at org.neo4j.driver.internal.DriverFactory.createDirectDriver(DriverFactory.java:109)
	at org.neo4j.driver.internal.DriverFactory.createDriver(DriverFactory.java:93)
	at org.neo4j.driver.internal.DriverFactory.newInstance(DriverFactory.java:67)
	at org.neo4j.driver.v1.GraphDatabase.driver(GraphDatabase.java:135)
	at org.neo4j.driver.v1.GraphDatabase.driver(GraphDatabase.java:117)
	at org.neo4j.driver.v1.GraphDatabase.driver(GraphDatabase.java:92)
	at packagewithmainclass.Lab3_main.&lt;init&gt;(Lab3_main.java:14)
	at testpackage.TestClass.&lt;init&gt;(TestClass.java:9)
	at sun.reflect.NativeConstructorAccessorImpl.newInstance0(Native Method)
	at sun.reflect.NativeConstructorAccessorImpl.newInstance(NativeConstructorAccessorImpl.java:62)
	at sun.reflect.DelegatingConstructorAccessorImpl.newInstance(DelegatingConstructorAccessorImpl.java:45)
	at java.lang.reflect.Constructor.newInstance(Constructor.java:423)
	at org.junit.runners.BlockJUnit4ClassRunner.createTest(BlockJUnit4ClassRunner.java:187)
	at org.junit.runners.BlockJUnit4ClassRunner$1.runReflectiveCall(BlockJUnit4ClassRunner.java:236)
	at org.junit.internal.runners.model.ReflectiveCallable.run(ReflectiveCallable.java:15)
	at org.junit.runners.BlockJUnit4ClassRunner.methodBlock(BlockJUnit4ClassRunner.java:233)
	at org.junit.runners.BlockJUnit4ClassRunner.runChild(BlockJUnit4ClassRunner.java:68)
	at org.junit.runners.BlockJUnit4ClassRunner.runChild(BlockJUnit4ClassRunner.java:47)
	at org.junit.runners.ParentRunner$3.run(ParentRunner.java:231)
	at org.junit.runners.ParentRunner$1.schedule(ParentRunner.java:60)
	at org.junit.runners.ParentRunner.runChildren(ParentRunner.java:229)
	at org.junit.runners.ParentRunner.access$000(ParentRunner.java:50)
	at org.junit.runners.ParentRunner$2.evaluate(ParentRunner.java:222)
	at org.junit.runners.ParentRunner.run(ParentRunner.java:300)
	at org.gradle.api.internal.tasks.testing.junit.JUnitTestClassExecuter.runTestClass(JUnitTestClassExecuter.java:114)
	at org.gradle.api.internal.tasks.testing.junit.JUnitTestClassExecuter.execute(JUnitTestClassExecuter.java:57)
	at org.gradle.api.internal.tasks.testing.junit.JUnitTestClassProcessor.processTestClass(JUnitTestClassProcessor.java:66)
	at org.gradle.api.internal.tasks.testing.SuiteTestClassProcessor.processTestClass(SuiteTestClassProcessor.java:51)
	at sun.reflect.NativeMethodAccessorImpl.invoke0(Native Method)
	at sun.reflect.NativeMethodAccessorImpl.invoke(NativeMethodAccessorImpl.java:62)
	at sun.reflect.DelegatingMethodAccessorImpl.invoke(DelegatingMethodAccessorImpl.java:43)
	at java.lang.reflect.Method.invoke(Method.java:498)
	at org.gradle.internal.dispatch.ReflectionDispatch.dispatch(ReflectionDispatch.java:35)
	at org.gradle.internal.dispatch.ReflectionDispatch.dispatch(ReflectionDispatch.java:24)
	at org.gradle.internal.dispatch.ContextClassLoaderDispatch.dispatch(ContextClassLoaderDispatch.java:32)
	at org.gradle.internal.dispatch.ProxyDispatchAdapter$DispatchingInvocationHandler.invoke(ProxyDispatchAdapter.java:93)
	at com.sun.proxy.$Proxy2.processTestClass(Unknown Source)
	at org.gradle.api.internal.tasks.testing.worker.TestWorker.processTestClass(TestWorker.java:109)
	at sun.reflect.NativeMethodAccessorImpl.invoke0(Native Method)
	at sun.reflect.NativeMethodAccessorImpl.invoke(NativeMethodAccessorImpl.java:62)
	at sun.reflect.DelegatingMethodAccessorImpl.invoke(DelegatingMethodAccessorImpl.java:43)
	at java.lang.reflect.Method.invoke(Method.java:498)
	at org.gradle.internal.dispatch.ReflectionDispatch.dispatch(ReflectionDispatch.java:35)
	at org.gradle.internal.dispatch.ReflectionDispatch.dispatch(ReflectionDispatch.java:24)
	at org.gradle.internal.remote.internal.hub.MessageHubBackedObjectConnection$DispatchWrapper.dispatch(MessageHubBackedObjectConnection.java:147)
	at org.gradle.internal.remote.internal.hub.MessageHubBackedObjectConnection$DispatchWrapper.dispatch(MessageHubBackedObjectConnection.java:129)
	at org.gradle.internal.remote.internal.hub.MessageHub$Handler.run(MessageHub.java:404)
	at org.gradle.internal.concurrent.ExecutorPolicy$CatchAndRecordFailures.onExecute(ExecutorPolicy.java:63)
	at org.gradle.internal.concurrent.StoppableExecutorImpl$1.run(StoppableExecutorImpl.java:46)
	at java.util.concurrent.ThreadPoolExecutor.runWorker(ThreadPoolExecutor.java:1142)
	at java.util.concurrent.ThreadPoolExecutor$Worker.run(ThreadPoolExecutor.java:617)
	at java.lang.Thread.run(Thread.java:745)
Caused by: java.net.ConnectException: Connection refused: no further information
	at sun.nio.ch.SocketChannelImpl.checkConnect(Native Method)
	at sun.nio.ch.SocketChannelImpl.finishConnect(SocketChannelImpl.java:717)
	at sun.nio.ch.SocketAdaptor.connect(SocketAdaptor.java:111)
	at org.neo4j.driver.internal.net.ChannelFactory.connect(ChannelFactory.java:79)
	at org.neo4j.driver.internal.net.ChannelFactory.create(ChannelFactory.java:41)
	at org.neo4j.driver.internal.net.SocketClient.start(SocketClient.java:126)
	... 64 more
</failure>
  </testcase>
  <testcase name="task3dIsCorrect" classname="testpackage.TestClass" time="0.001">
    <failure message="org.neo4j.driver.v1.exceptions.ServiceUnavailableException: Unable to connect to localhost:7687, ensure the database is running and that there is a working network connection to it." type="org.neo4j.driver.v1.exceptions.ServiceUnavailableException">org.neo4j.driver.v1.exceptions.ServiceUnavailableException: Unable to connect to localhost:7687, ensure the database is running and that there is a working network connection to it.
	at org.neo4j.driver.internal.net.SocketClient.start(SocketClient.java:132)
	at org.neo4j.driver.internal.net.SocketConnection.startSocketClient(SocketConnection.java:92)
	at org.neo4j.driver.internal.net.SocketConnection.&lt;init&gt;(SocketConnection.java:67)
	at org.neo4j.driver.internal.net.SocketConnector.createConnection(SocketConnector.java:77)
	at org.neo4j.driver.internal.net.SocketConnector.connect(SocketConnector.java:50)
	at org.neo4j.driver.internal.net.pooling.SocketConnectionPool$ConnectionSupplier.get(SocketConnectionPool.java:216)
	at org.neo4j.driver.internal.net.pooling.SocketConnectionPool$ConnectionSupplier.get(SocketConnectionPool.java:198)
	at org.neo4j.driver.internal.net.pooling.BlockingPooledConnectionQueue.acquire(BlockingPooledConnectionQueue.java:96)
	at org.neo4j.driver.internal.net.pooling.SocketConnectionPool.acquireConnection(SocketConnectionPool.java:149)
	at org.neo4j.driver.internal.net.pooling.SocketConnectionPool.acquire(SocketConnectionPool.java:76)
	at org.neo4j.driver.internal.DirectConnectionProvider.acquireConnection(DirectConnectionProvider.java:47)
	at org.neo4j.driver.internal.DirectConnectionProvider.verifyConnectivity(DirectConnectionProvider.java:67)
	at org.neo4j.driver.internal.DirectConnectionProvider.&lt;init&gt;(DirectConnectionProvider.java:41)
	at org.neo4j.driver.internal.DriverFactory.createDirectDriver(DriverFactory.java:109)
	at org.neo4j.driver.internal.DriverFactory.createDriver(DriverFactory.java:93)
	at org.neo4j.driver.internal.DriverFactory.newInstance(DriverFactory.java:67)
	at org.neo4j.driver.v1.GraphDatabase.driver(GraphDatabase.java:135)
	at org.neo4j.driver.v1.GraphDatabase.driver(GraphDatabase.java:117)
	at org.neo4j.driver.v1.GraphDatabase.driver(GraphDatabase.java:92)
	at packagewithmainclass.Lab3_main.&lt;init&gt;(Lab3_main.java:14)
	at testpackage.TestClass.&lt;init&gt;(TestClass.java:9)
	at sun.reflect.NativeConstructorAccessorImpl.newInstance0(Native Method)
	at sun.reflect.NativeConstructorAccessorImpl.newInstance(NativeConstructorAccessorImpl.java:62)
	at sun.reflect.DelegatingConstructorAccessorImpl.newInstance(DelegatingConstructorAccessorImpl.java:45)
	at java.lang.reflect.Constructor.newInstance(Constructor.java:423)
	at org.junit.runners.BlockJUnit4ClassRunner.createTest(BlockJUnit4ClassRunner.java:187)
	at org.junit.runners.BlockJUnit4ClassRunner$1.runReflectiveCall(BlockJUnit4ClassRunner.java:236)
	at org.junit.internal.runners.model.ReflectiveCallable.run(ReflectiveCallable.java:15)
	at org.junit.runners.BlockJUnit4ClassRunner.methodBlock(BlockJUnit4ClassRunner.java:233)
	at org.junit.runners.BlockJUnit4ClassRunner.runChild(BlockJUnit4ClassRunner.java:68)
	at org.junit.runners.BlockJUnit4ClassRunner.runChild(BlockJUnit4ClassRunner.java:47)
	at org.junit.runners.ParentRunner$3.run(ParentRunner.java:231)
	at org.junit.runners.ParentRunner$1.schedule(ParentRunner.java:60)
	at org.junit.runners.ParentRunner.runChildren(ParentRunner.java:229)
	at org.junit.runners.ParentRunner.access$000(ParentRunner.java:50)
	at org.junit.runners.ParentRunner$2.evaluate(ParentRunner.java:222)
	at org.junit.runners.ParentRunner.run(ParentRunner.java:300)
	at org.gradle.api.internal.tasks.testing.junit.JUnitTestClassExecuter.runTestClass(JUnitTestClassExecuter.java:114)
	at org.gradle.api.internal.tasks.testing.junit.JUnitTestClassExecuter.execute(JUnitTestClassExecuter.java:57)
	at org.gradle.api.internal.tasks.testing.junit.JUnitTestClassProcessor.processTestClass(JUnitTestClassProcessor.java:66)
	at org.gradle.api.internal.tasks.testing.SuiteTestClassProcessor.processTestClass(SuiteTestClassProcessor.java:51)
	at sun.reflect.NativeMethodAccessorImpl.invoke0(Native Method)
	at sun.reflect.NativeMethodAccessorImpl.invoke(NativeMethodAccessorImpl.java:62)
	at sun.reflect.DelegatingMethodAccessorImpl.invoke(DelegatingMethodAccessorImpl.java:43)
	at java.lang.reflect.Method.invoke(Method.java:498)
	at org.gradle.internal.dispatch.ReflectionDispatch.dispatch(ReflectionDispatch.java:35)
	at org.gradle.internal.dispatch.ReflectionDispatch.dispatch(ReflectionDispatch.java:24)
	at org.gradle.internal.dispatch.ContextClassLoaderDispatch.dispatch(ContextClassLoaderDispatch.java:32)
	at org.gradle.internal.dispatch.ProxyDispatchAdapter$DispatchingInvocationHandler.invoke(ProxyDispatchAdapter.java:93)
	at com.sun.proxy.$Proxy2.processTestClass(Unknown Source)
	at org.gradle.api.internal.tasks.testing.worker.TestWorker.processTestClass(TestWorker.java:109)
	at sun.reflect.NativeMethodAccessorImpl.invoke0(Native Method)
	at sun.reflect.NativeMethodAccessorImpl.invoke(NativeMethodAccessorImpl.java:62)
	at sun.reflect.DelegatingMethodAccessorImpl.invoke(DelegatingMethodAccessorImpl.java:43)
	at java.lang.reflect.Method.invoke(Method.java:498)
	at org.gradle.internal.dispatch.ReflectionDispatch.dispatch(ReflectionDispatch.java:35)
	at org.gradle.internal.dispatch.ReflectionDispatch.dispatch(ReflectionDispatch.java:24)
	at org.gradle.internal.remote.internal.hub.MessageHubBackedObjectConnection$DispatchWrapper.dispatch(MessageHubBackedObjectConnection.java:147)
	at org.gradle.internal.remote.internal.hub.MessageHubBackedObjectConnection$DispatchWrapper.dispatch(MessageHubBackedObjectConnection.java:129)
	at org.gradle.internal.remote.internal.hub.MessageHub$Handler.run(MessageHub.java:404)
	at org.gradle.internal.concurrent.ExecutorPolicy$CatchAndRecordFailures.onExecute(ExecutorPolicy.java:63)
	at org.gradle.internal.concurrent.StoppableExecutorImpl$1.run(StoppableExecutorImpl.java:46)
	at java.util.concurrent.ThreadPoolExecutor.runWorker(ThreadPoolExecutor.java:1142)
	at java.util.concurrent.ThreadPoolExecutor$Worker.run(ThreadPoolExecutor.java:617)
	at java.lang.Thread.run(Thread.java:745)
Caused by: java.net.ConnectException: Connection refused: no further information
	at sun.nio.ch.SocketChannelImpl.checkConnect(Native Method)
	at sun.nio.ch.SocketChannelImpl.finishConnect(SocketChannelImpl.java:717)
	at sun.nio.ch.SocketAdaptor.connect(SocketAdaptor.java:111)
	at org.neo4j.driver.internal.net.ChannelFactory.connect(ChannelFactory.java:79)
	at org.neo4j.driver.internal.net.ChannelFactory.create(ChannelFactory.java:41)
	at org.neo4j.driver.internal.net.SocketClient.start(SocketClient.java:126)
	... 64 more
</failure>
  </testcase>
  <testcase name="task3eIsCorrect" classname="testpackage.TestClass" time="0.0">
    <failure message="org.neo4j.driver.v1.exceptions.ServiceUnavailableException: Unable to connect to localhost:7687, ensure the database is running and that there is a working network connection to it." type="org.neo4j.driver.v1.exceptions.ServiceUnavailableException">org.neo4j.driver.v1.exceptions.ServiceUnavailableException: Unable to connect to localhost:7687, ensure the database is running and that there is a working network connection to it.
	at org.neo4j.driver.internal.net.SocketClient.start(SocketClient.java:132)
	at org.neo4j.driver.internal.net.SocketConnection.startSocketClient(SocketConnection.java:92)
	at org.neo4j.driver.internal.net.SocketConnection.&lt;init&gt;(SocketConnection.java:67)
	at org.neo4j.driver.internal.net.SocketConnector.createConnection(SocketConnector.java:77)
	at org.neo4j.driver.internal.net.SocketConnector.connect(SocketConnector.java:50)
	at org.neo4j.driver.internal.net.pooling.SocketConnectionPool$ConnectionSupplier.get(SocketConnectionPool.java:216)
	at org.neo4j.driver.internal.net.pooling.SocketConnectionPool$ConnectionSupplier.get(SocketConnectionPool.java:198)
	at org.neo4j.driver.internal.net.pooling.BlockingPooledConnectionQueue.acquire(BlockingPooledConnectionQueue.java:96)
	at org.neo4j.driver.internal.net.pooling.SocketConnectionPool.acquireConnection(SocketConnectionPool.java:149)
	at org.neo4j.driver.internal.net.pooling.SocketConnectionPool.acquire(SocketConnectionPool.java:76)
	at org.neo4j.driver.internal.DirectConnectionProvider.acquireConnection(DirectConnectionProvider.java:47)
	at org.neo4j.driver.internal.DirectConnectionProvider.verifyConnectivity(DirectConnectionProvider.java:67)
	at org.neo4j.driver.internal.DirectConnectionProvider.&lt;init&gt;(DirectConnectionProvider.java:41)
	at org.neo4j.driver.internal.DriverFactory.createDirectDriver(DriverFactory.java:109)
	at org.neo4j.driver.internal.DriverFactory.createDriver(DriverFactory.java:93)
	at org.neo4j.driver.internal.DriverFactory.newInstance(DriverFactory.java:67)
	at org.neo4j.driver.v1.GraphDatabase.driver(GraphDatabase.java:135)
	at org.neo4j.driver.v1.GraphDatabase.driver(GraphDatabase.java:117)
	at org.neo4j.driver.v1.GraphDatabase.driver(GraphDatabase.java:92)
	at packagewithmainclass.Lab3_main.&lt;init&gt;(Lab3_main.java:14)
	at testpackage.TestClass.&lt;init&gt;(TestClass.java:9)
	at sun.reflect.NativeConstructorAccessorImpl.newInstance0(Native Method)
	at sun.reflect.NativeConstructorAccessorImpl.newInstance(NativeConstructorAccessorImpl.java:62)
	at sun.reflect.DelegatingConstructorAccessorImpl.newInstance(DelegatingConstructorAccessorImpl.java:45)
	at java.lang.reflect.Constructor.newInstance(Constructor.java:423)
	at org.junit.runners.BlockJUnit4ClassRunner.createTest(BlockJUnit4ClassRunner.java:187)
	at org.junit.runners.BlockJUnit4ClassRunner$1.runReflectiveCall(BlockJUnit4ClassRunner.java:236)
	at org.junit.internal.runners.model.ReflectiveCallable.run(ReflectiveCallable.java:15)
	at org.junit.runners.BlockJUnit4ClassRunner.methodBlock(BlockJUnit4ClassRunner.java:233)
	at org.junit.runners.BlockJUnit4ClassRunner.runChild(BlockJUnit4ClassRunner.java:68)
	at org.junit.runners.BlockJUnit4ClassRunner.runChild(BlockJUnit4ClassRunner.java:47)
	at org.junit.runners.ParentRunner$3.run(ParentRunner.java:231)
	at org.junit.runners.ParentRunner$1.schedule(ParentRunner.java:60)
	at org.junit.runners.ParentRunner.runChildren(ParentRunner.java:229)
	at org.junit.runners.ParentRunner.access$000(ParentRunner.java:50)
	at org.junit.runners.ParentRunner$2.evaluate(ParentRunner.java:222)
	at org.junit.runners.ParentRunner.run(ParentRunner.java:300)
	at org.gradle.api.internal.tasks.testing.junit.JUnitTestClassExecuter.runTestClass(JUnitTestClassExecuter.java:114)
	at org.gradle.api.internal.tasks.testing.junit.JUnitTestClassExecuter.execute(JUnitTestClassExecuter.java:57)
	at org.gradle.api.internal.tasks.testing.junit.JUnitTestClassProcessor.processTestClass(JUnitTestClassProcessor.java:66)
	at org.gradle.api.internal.tasks.testing.SuiteTestClassProcessor.processTestClass(SuiteTestClassProcessor.java:51)
	at sun.reflect.NativeMethodAccessorImpl.invoke0(Native Method)
	at sun.reflect.NativeMethodAccessorImpl.invoke(NativeMethodAccessorImpl.java:62)
	at sun.reflect.DelegatingMethodAccessorImpl.invoke(DelegatingMethodAccessorImpl.java:43)
	at java.lang.reflect.Method.invoke(Method.java:498)
	at org.gradle.internal.dispatch.ReflectionDispatch.dispatch(ReflectionDispatch.java:35)
	at org.gradle.internal.dispatch.ReflectionDispatch.dispatch(ReflectionDispatch.java:24)
	at org.gradle.internal.dispatch.ContextClassLoaderDispatch.dispatch(ContextClassLoaderDispatch.java:32)
	at org.gradle.internal.dispatch.ProxyDispatchAdapter$DispatchingInvocationHandler.invoke(ProxyDispatchAdapter.java:93)
	at com.sun.proxy.$Proxy2.processTestClass(Unknown Source)
	at org.gradle.api.internal.tasks.testing.worker.TestWorker.processTestClass(TestWorker.java:109)
	at sun.reflect.NativeMethodAccessorImpl.invoke0(Native Method)
	at sun.reflect.NativeMethodAccessorImpl.invoke(NativeMethodAccessorImpl.java:62)
	at sun.reflect.DelegatingMethodAccessorImpl.invoke(DelegatingMethodAccessorImpl.java:43)
	at java.lang.reflect.Method.invoke(Method.java:498)
	at org.gradle.internal.dispatch.ReflectionDispatch.dispatch(ReflectionDispatch.java:35)
	at org.gradle.internal.dispatch.ReflectionDispatch.dispatch(ReflectionDispatch.java:24)
	at org.gradle.internal.remote.internal.hub.MessageHubBackedObjectConnection$DispatchWrapper.dispatch(MessageHubBackedObjectConnection.java:147)
	at org.gradle.internal.remote.internal.hub.MessageHubBackedObjectConnection$DispatchWrapper.dispatch(MessageHubBackedObjectConnection.java:129)
	at org.gradle.internal.remote.internal.hub.MessageHub$Handler.run(MessageHub.java:404)
	at org.gradle.internal.concurrent.ExecutorPolicy$CatchAndRecordFailures.onExecute(ExecutorPolicy.java:63)
	at org.gradle.internal.concurrent.StoppableExecutorImpl$1.run(StoppableExecutorImpl.java:46)
	at java.util.concurrent.ThreadPoolExecutor.runWorker(ThreadPoolExecutor.java:1142)
	at java.util.concurrent.ThreadPoolExecutor$Worker.run(ThreadPoolExecutor.java:617)
	at java.lang.Thread.run(Thread.java:745)
Caused by: java.net.ConnectException: Connection refused: no further information
	at sun.nio.ch.SocketChannelImpl.checkConnect(Native Method)
	at sun.nio.ch.SocketChannelImpl.finishConnect(SocketChannelImpl.java:717)
	at sun.nio.ch.SocketAdaptor.connect(SocketAdaptor.java:111)
	at org.neo4j.driver.internal.net.ChannelFactory.connect(ChannelFactory.java:79)
	at org.neo4j.driver.internal.net.ChannelFactory.create(ChannelFactory.java:41)
	at org.neo4j.driver.internal.net.SocketClient.start(SocketClient.java:126)
	... 64 more
</failure>
  </testcase>
  <testcase name="task3fIsCorrect" classname="testpackage.TestClass" time="0.0">
    <failure message="org.neo4j.driver.v1.exceptions.ServiceUnavailableException: Unable to connect to localhost:7687, ensure the database is running and that there is a working network connection to it." type="org.neo4j.driver.v1.exceptions.ServiceUnavailableException">org.neo4j.driver.v1.exceptions.ServiceUnavailableException: Unable to connect to localhost:7687, ensure the database is running and that there is a working network connection to it.
	at org.neo4j.driver.internal.net.SocketClient.start(SocketClient.java:132)
	at org.neo4j.driver.internal.net.SocketConnection.startSocketClient(SocketConnection.java:92)
	at org.neo4j.driver.internal.net.SocketConnection.&lt;init&gt;(SocketConnection.java:67)
	at org.neo4j.driver.internal.net.SocketConnector.createConnection(SocketConnector.java:77)
	at org.neo4j.driver.internal.net.SocketConnector.connect(SocketConnector.java:50)
	at org.neo4j.driver.internal.net.pooling.SocketConnectionPool$ConnectionSupplier.get(SocketConnectionPool.java:216)
	at org.neo4j.driver.internal.net.pooling.SocketConnectionPool$ConnectionSupplier.get(SocketConnectionPool.java:198)
	at org.neo4j.driver.internal.net.pooling.BlockingPooledConnectionQueue.acquire(BlockingPooledConnectionQueue.java:96)
	at org.neo4j.driver.internal.net.pooling.SocketConnectionPool.acquireConnection(SocketConnectionPool.java:149)
	at org.neo4j.driver.internal.net.pooling.SocketConnectionPool.acquire(SocketConnectionPool.java:76)
	at org.neo4j.driver.internal.DirectConnectionProvider.acquireConnection(DirectConnectionProvider.java:47)
	at org.neo4j.driver.internal.DirectConnectionProvider.verifyConnectivity(DirectConnectionProvider.java:67)
	at org.neo4j.driver.internal.DirectConnectionProvider.&lt;init&gt;(DirectConnectionProvider.java:41)
	at org.neo4j.driver.internal.DriverFactory.createDirectDriver(DriverFactory.java:109)
	at org.neo4j.driver.internal.DriverFactory.createDriver(DriverFactory.java:93)
	at org.neo4j.driver.internal.DriverFactory.newInstance(DriverFactory.java:67)
	at org.neo4j.driver.v1.GraphDatabase.driver(GraphDatabase.java:135)
	at org.neo4j.driver.v1.GraphDatabase.driver(GraphDatabase.java:117)
	at org.neo4j.driver.v1.GraphDatabase.driver(GraphDatabase.java:92)
	at packagewithmainclass.Lab3_main.&lt;init&gt;(Lab3_main.java:14)
	at testpackage.TestClass.&lt;init&gt;(TestClass.java:9)
	at sun.reflect.NativeConstructorAccessorImpl.newInstance0(Native Method)
	at sun.reflect.NativeConstructorAccessorImpl.newInstance(NativeConstructorAccessorImpl.java:62)
	at sun.reflect.DelegatingConstructorAccessorImpl.newInstance(DelegatingConstructorAccessorImpl.java:45)
	at java.lang.reflect.Constructor.newInstance(Constructor.java:423)
	at org.junit.runners.BlockJUnit4ClassRunner.createTest(BlockJUnit4ClassRunner.java:187)
	at org.junit.runners.BlockJUnit4ClassRunner$1.runReflectiveCall(BlockJUnit4ClassRunner.java:236)
	at org.junit.internal.runners.model.ReflectiveCallable.run(ReflectiveCallable.java:15)
	at org.junit.runners.BlockJUnit4ClassRunner.methodBlock(BlockJUnit4ClassRunner.java:233)
	at org.junit.runners.BlockJUnit4ClassRunner.runChild(BlockJUnit4ClassRunner.java:68)
	at org.junit.runners.BlockJUnit4ClassRunner.runChild(BlockJUnit4ClassRunner.java:47)
	at org.junit.runners.ParentRunner$3.run(ParentRunner.java:231)
	at org.junit.runners.ParentRunner$1.schedule(ParentRunner.java:60)
	at org.junit.runners.ParentRunner.runChildren(ParentRunner.java:229)
	at org.junit.runners.ParentRunner.access$000(ParentRunner.java:50)
	at org.junit.runners.ParentRunner$2.evaluate(ParentRunner.java:222)
	at org.junit.runners.ParentRunner.run(ParentRunner.java:300)
	at org.gradle.api.internal.tasks.testing.junit.JUnitTestClassExecuter.runTestClass(JUnitTestClassExecuter.java:114)
	at org.gradle.api.internal.tasks.testing.junit.JUnitTestClassExecuter.execute(JUnitTestClassExecuter.java:57)
	at org.gradle.api.internal.tasks.testing.junit.JUnitTestClassProcessor.processTestClass(JUnitTestClassProcessor.java:66)
	at org.gradle.api.internal.tasks.testing.SuiteTestClassProcessor.processTestClass(SuiteTestClassProcessor.java:51)
	at sun.reflect.NativeMethodAccessorImpl.invoke0(Native Method)
	at sun.reflect.NativeMethodAccessorImpl.invoke(NativeMethodAccessorImpl.java:62)
	at sun.reflect.DelegatingMethodAccessorImpl.invoke(DelegatingMethodAccessorImpl.java:43)
	at java.lang.reflect.Method.invoke(Method.java:498)
	at org.gradle.internal.dispatch.ReflectionDispatch.dispatch(ReflectionDispatch.java:35)
	at org.gradle.internal.dispatch.ReflectionDispatch.dispatch(ReflectionDispatch.java:24)
	at org.gradle.internal.dispatch.ContextClassLoaderDispatch.dispatch(ContextClassLoaderDispatch.java:32)
	at org.gradle.internal.dispatch.ProxyDispatchAdapter$DispatchingInvocationHandler.invoke(ProxyDispatchAdapter.java:93)
	at com.sun.proxy.$Proxy2.processTestClass(Unknown Source)
	at org.gradle.api.internal.tasks.testing.worker.TestWorker.processTestClass(TestWorker.java:109)
	at sun.reflect.NativeMethodAccessorImpl.invoke0(Native Method)
	at sun.reflect.NativeMethodAccessorImpl.invoke(NativeMethodAccessorImpl.java:62)
	at sun.reflect.DelegatingMethodAccessorImpl.invoke(DelegatingMethodAccessorImpl.java:43)
	at java.lang.reflect.Method.invoke(Method.java:498)
	at org.gradle.internal.dispatch.ReflectionDispatch.dispatch(ReflectionDispatch.java:35)
	at org.gradle.internal.dispatch.ReflectionDispatch.dispatch(ReflectionDispatch.java:24)
	at org.gradle.internal.remote.internal.hub.MessageHubBackedObjectConnection$DispatchWrapper.dispatch(MessageHubBackedObjectConnection.java:147)
	at org.gradle.internal.remote.internal.hub.MessageHubBackedObjectConnection$DispatchWrapper.dispatch(MessageHubBackedObjectConnection.java:129)
	at org.gradle.internal.remote.internal.hub.MessageHub$Handler.run(MessageHub.java:404)
	at org.gradle.internal.concurrent.ExecutorPolicy$CatchAndRecordFailures.onExecute(ExecutorPolicy.java:63)
	at org.gradle.internal.concurrent.StoppableExecutorImpl$1.run(StoppableExecutorImpl.java:46)
	at java.util.concurrent.ThreadPoolExecutor.runWorker(ThreadPoolExecutor.java:1142)
	at java.util.concurrent.ThreadPoolExecutor$Worker.run(ThreadPoolExecutor.java:617)
	at java.lang.Thread.run(Thread.java:745)
Caused by: java.net.ConnectException: Connection refused: no further information
	at sun.nio.ch.SocketChannelImpl.checkConnect(Native Method)
	at sun.nio.ch.SocketChannelImpl.finishConnect(SocketChannelImpl.java:717)
	at sun.nio.ch.SocketAdaptor.connect(SocketAdaptor.java:111)
	at org.neo4j.driver.internal.net.ChannelFactory.connect(ChannelFactory.java:79)
	at org.neo4j.driver.internal.net.ChannelFactory.create(ChannelFactory.java:41)
	at org.neo4j.driver.internal.net.SocketClient.start(SocketClient.java:126)
	... 64 more
</failure>
  </testcase>
  <testcase name="task3gIsCorrect" classname="testpackage.TestClass" time="0.0">
    <failure message="org.neo4j.driver.v1.exceptions.ServiceUnavailableException: Unable to connect to localhost:7687, ensure the database is running and that there is a working network connection to it." type="org.neo4j.driver.v1.exceptions.ServiceUnavailableException">org.neo4j.driver.v1.exceptions.ServiceUnavailableException: Unable to connect to localhost:7687, ensure the database is running and that there is a working network connection to it.
	at org.neo4j.driver.internal.net.SocketClient.start(SocketClient.java:132)
	at org.neo4j.driver.internal.net.SocketConnection.startSocketClient(SocketConnection.java:92)
	at org.neo4j.driver.internal.net.SocketConnection.&lt;init&gt;(SocketConnection.java:67)
	at org.neo4j.driver.internal.net.SocketConnector.createConnection(SocketConnector.java:77)
	at org.neo4j.driver.internal.net.SocketConnector.connect(SocketConnector.java:50)
	at org.neo4j.driver.internal.net.pooling.SocketConnectionPool$ConnectionSupplier.get(SocketConnectionPool.java:216)
	at org.neo4j.driver.internal.net.pooling.SocketConnectionPool$ConnectionSupplier.get(SocketConnectionPool.java:198)
	at org.neo4j.driver.internal.net.pooling.BlockingPooledConnectionQueue.acquire(BlockingPooledConnectionQueue.java:96)
	at org.neo4j.driver.internal.net.pooling.SocketConnectionPool.acquireConnection(SocketConnectionPool.java:149)
	at org.neo4j.driver.internal.net.pooling.SocketConnectionPool.acquire(SocketConnectionPool.java:76)
	at org.neo4j.driver.internal.DirectConnectionProvider.acquireConnection(DirectConnectionProvider.java:47)
	at org.neo4j.driver.internal.DirectConnectionProvider.verifyConnectivity(DirectConnectionProvider.java:67)
	at org.neo4j.driver.internal.DirectConnectionProvider.&lt;init&gt;(DirectConnectionProvider.java:41)
	at org.neo4j.driver.internal.DriverFactory.createDirectDriver(DriverFactory.java:109)
	at org.neo4j.driver.internal.DriverFactory.createDriver(DriverFactory.java:93)
	at org.neo4j.driver.internal.DriverFactory.newInstance(DriverFactory.java:67)
	at org.neo4j.driver.v1.GraphDatabase.driver(GraphDatabase.java:135)
	at org.neo4j.driver.v1.GraphDatabase.driver(GraphDatabase.java:117)
	at org.neo4j.driver.v1.GraphDatabase.driver(GraphDatabase.java:92)
	at packagewithmainclass.Lab3_main.&lt;init&gt;(Lab3_main.java:14)
	at testpackage.TestClass.&lt;init&gt;(TestClass.java:9)
	at sun.reflect.NativeConstructorAccessorImpl.newInstance0(Native Method)
	at sun.reflect.NativeConstructorAccessorImpl.newInstance(NativeConstructorAccessorImpl.java:62)
	at sun.reflect.DelegatingConstructorAccessorImpl.newInstance(DelegatingConstructorAccessorImpl.java:45)
	at java.lang.reflect.Constructor.newInstance(Constructor.java:423)
	at org.junit.runners.BlockJUnit4ClassRunner.createTest(BlockJUnit4ClassRunner.java:187)
	at org.junit.runners.BlockJUnit4ClassRunner$1.runReflectiveCall(BlockJUnit4ClassRunner.java:236)
	at org.junit.internal.runners.model.ReflectiveCallable.run(ReflectiveCallable.java:15)
	at org.junit.runners.BlockJUnit4ClassRunner.methodBlock(BlockJUnit4ClassRunner.java:233)
	at org.junit.runners.BlockJUnit4ClassRunner.runChild(BlockJUnit4ClassRunner.java:68)
	at org.junit.runners.BlockJUnit4ClassRunner.runChild(BlockJUnit4ClassRunner.java:47)
	at org.junit.runners.ParentRunner$3.run(ParentRunner.java:231)
	at org.junit.runners.ParentRunner$1.schedule(ParentRunner.java:60)
	at org.junit.runners.ParentRunner.runChildren(ParentRunner.java:229)
	at org.junit.runners.ParentRunner.access$000(ParentRunner.java:50)
	at org.junit.runners.ParentRunner$2.evaluate(ParentRunner.java:222)
	at org.junit.runners.ParentRunner.run(ParentRunner.java:300)
	at org.gradle.api.internal.tasks.testing.junit.JUnitTestClassExecuter.runTestClass(JUnitTestClassExecuter.java:114)
	at org.gradle.api.internal.tasks.testing.junit.JUnitTestClassExecuter.execute(JUnitTestClassExecuter.java:57)
	at org.gradle.api.internal.tasks.testing.junit.JUnitTestClassProcessor.processTestClass(JUnitTestClassProcessor.java:66)
	at org.gradle.api.internal.tasks.testing.SuiteTestClassProcessor.processTestClass(SuiteTestClassProcessor.java:51)
	at sun.reflect.NativeMethodAccessorImpl.invoke0(Native Method)
	at sun.reflect.NativeMethodAccessorImpl.invoke(NativeMethodAccessorImpl.java:62)
	at sun.reflect.DelegatingMethodAccessorImpl.invoke(DelegatingMethodAccessorImpl.java:43)
	at java.lang.reflect.Method.invoke(Method.java:498)
	at org.gradle.internal.dispatch.ReflectionDispatch.dispatch(ReflectionDispatch.java:35)
	at org.gradle.internal.dispatch.ReflectionDispatch.dispatch(ReflectionDispatch.java:24)
	at org.gradle.internal.dispatch.ContextClassLoaderDispatch.dispatch(ContextClassLoaderDispatch.java:32)
	at org.gradle.internal.dispatch.ProxyDispatchAdapter$DispatchingInvocationHandler.invoke(ProxyDispatchAdapter.java:93)
	at com.sun.proxy.$Proxy2.processTestClass(Unknown Source)
	at org.gradle.api.internal.tasks.testing.worker.TestWorker.processTestClass(TestWorker.java:109)
	at sun.reflect.NativeMethodAccessorImpl.invoke0(Native Method)
	at sun.reflect.NativeMethodAccessorImpl.invoke(NativeMethodAccessorImpl.java:62)
	at sun.reflect.DelegatingMethodAccessorImpl.invoke(DelegatingMethodAccessorImpl.java:43)
	at java.lang.reflect.Method.invoke(Method.java:498)
	at org.gradle.internal.dispatch.ReflectionDispatch.dispatch(ReflectionDispatch.java:35)
	at org.gradle.internal.dispatch.ReflectionDispatch.dispatch(ReflectionDispatch.java:24)
	at org.gradle.internal.remote.internal.hub.MessageHubBackedObjectConnection$DispatchWrapper.dispatch(MessageHubBackedObjectConnection.java:147)
	at org.gradle.internal.remote.internal.hub.MessageHubBackedObjectConnection$DispatchWrapper.dispatch(MessageHubBackedObjectConnection.java:129)
	at org.gradle.internal.remote.internal.hub.MessageHub$Handler.run(MessageHub.java:404)
	at org.gradle.internal.concurrent.ExecutorPolicy$CatchAndRecordFailures.onExecute(ExecutorPolicy.java:63)
	at org.gradle.internal.concurrent.StoppableExecutorImpl$1.run(StoppableExecutorImpl.java:46)
	at java.util.concurrent.ThreadPoolExecutor.runWorker(ThreadPoolExecutor.java:1142)
	at java.util.concurrent.ThreadPoolExecutor$Worker.run(ThreadPoolExecutor.java:617)
	at java.lang.Thread.run(Thread.java:745)
Caused by: java.net.ConnectException: Connection refused: no further information
	at sun.nio.ch.SocketChannelImpl.checkConnect(Native Method)
	at sun.nio.ch.SocketChannelImpl.finishConnect(SocketChannelImpl.java:717)
	at sun.nio.ch.SocketAdaptor.connect(SocketAdaptor.java:111)
	at org.neo4j.driver.internal.net.ChannelFactory.connect(ChannelFactory.java:79)
	at org.neo4j.driver.internal.net.ChannelFactory.create(ChannelFactory.java:41)
	at org.neo4j.driver.internal.net.SocketClient.start(SocketClient.java:126)
	... 64 more
</failure>
  </testcase>
  <testcase name="task3hIsCorrect" classname="testpackage.TestClass" time="0.0">
    <failure message="org.neo4j.driver.v1.exceptions.ServiceUnavailableException: Unable to connect to localhost:7687, ensure the database is running and that there is a working network connection to it." type="org.neo4j.driver.v1.exceptions.ServiceUnavailableException">org.neo4j.driver.v1.exceptions.ServiceUnavailableException: Unable to connect to localhost:7687, ensure the database is running and that there is a working network connection to it.
	at org.neo4j.driver.internal.net.SocketClient.start(SocketClient.java:132)
	at org.neo4j.driver.internal.net.SocketConnection.startSocketClient(SocketConnection.java:92)
	at org.neo4j.driver.internal.net.SocketConnection.&lt;init&gt;(SocketConnection.java:67)
	at org.neo4j.driver.internal.net.SocketConnector.createConnection(SocketConnector.java:77)
	at org.neo4j.driver.internal.net.SocketConnector.connect(SocketConnector.java:50)
	at org.neo4j.driver.internal.net.pooling.SocketConnectionPool$ConnectionSupplier.get(SocketConnectionPool.java:216)
	at org.neo4j.driver.internal.net.pooling.SocketConnectionPool$ConnectionSupplier.get(SocketConnectionPool.java:198)
	at org.neo4j.driver.internal.net.pooling.BlockingPooledConnectionQueue.acquire(BlockingPooledConnectionQueue.java:96)
	at org.neo4j.driver.internal.net.pooling.SocketConnectionPool.acquireConnection(SocketConnectionPool.java:149)
	at org.neo4j.driver.internal.net.pooling.SocketConnectionPool.acquire(SocketConnectionPool.java:76)
	at org.neo4j.driver.internal.DirectConnectionProvider.acquireConnection(DirectConnectionProvider.java:47)
	at org.neo4j.driver.internal.DirectConnectionProvider.verifyConnectivity(DirectConnectionProvider.java:67)
	at org.neo4j.driver.internal.DirectConnectionProvider.&lt;init&gt;(DirectConnectionProvider.java:41)
	at org.neo4j.driver.internal.DriverFactory.createDirectDriver(DriverFactory.java:109)
	at org.neo4j.driver.internal.DriverFactory.createDriver(DriverFactory.java:93)
	at org.neo4j.driver.internal.DriverFactory.newInstance(DriverFactory.java:67)
	at org.neo4j.driver.v1.GraphDatabase.driver(GraphDatabase.java:135)
	at org.neo4j.driver.v1.GraphDatabase.driver(GraphDatabase.java:117)
	at org.neo4j.driver.v1.GraphDatabase.driver(GraphDatabase.java:92)
	at packagewithmainclass.Lab3_main.&lt;init&gt;(Lab3_main.java:14)
	at testpackage.TestClass.&lt;init&gt;(TestClass.java:9)
	at sun.reflect.NativeConstructorAccessorImpl.newInstance0(Native Method)
	at sun.reflect.NativeConstructorAccessorImpl.newInstance(NativeConstructorAccessorImpl.java:62)
	at sun.reflect.DelegatingConstructorAccessorImpl.newInstance(DelegatingConstructorAccessorImpl.java:45)
	at java.lang.reflect.Constructor.newInstance(Constructor.java:423)
	at org.junit.runners.BlockJUnit4ClassRunner.createTest(BlockJUnit4ClassRunner.java:187)
	at org.junit.runners.BlockJUnit4ClassRunner$1.runReflectiveCall(BlockJUnit4ClassRunner.java:236)
	at org.junit.internal.runners.model.ReflectiveCallable.run(ReflectiveCallable.java:15)
	at org.junit.runners.BlockJUnit4ClassRunner.methodBlock(BlockJUnit4ClassRunner.java:233)
	at org.junit.runners.BlockJUnit4ClassRunner.runChild(BlockJUnit4ClassRunner.java:68)
	at org.junit.runners.BlockJUnit4ClassRunner.runChild(BlockJUnit4ClassRunner.java:47)
	at org.junit.runners.ParentRunner$3.run(ParentRunner.java:231)
	at org.junit.runners.ParentRunner$1.schedule(ParentRunner.java:60)
	at org.junit.runners.ParentRunner.runChildren(ParentRunner.java:229)
	at org.junit.runners.ParentRunner.access$000(ParentRunner.java:50)
	at org.junit.runners.ParentRunner$2.evaluate(ParentRunner.java:222)
	at org.junit.runners.ParentRunner.run(ParentRunner.java:300)
	at org.gradle.api.internal.tasks.testing.junit.JUnitTestClassExecuter.runTestClass(JUnitTestClassExecuter.java:114)
	at org.gradle.api.internal.tasks.testing.junit.JUnitTestClassExecuter.execute(JUnitTestClassExecuter.java:57)
	at org.gradle.api.internal.tasks.testing.junit.JUnitTestClassProcessor.processTestClass(JUnitTestClassProcessor.java:66)
	at org.gradle.api.internal.tasks.testing.SuiteTestClassProcessor.processTestClass(SuiteTestClassProcessor.java:51)
	at sun.reflect.NativeMethodAccessorImpl.invoke0(Native Method)
	at sun.reflect.NativeMethodAccessorImpl.invoke(NativeMethodAccessorImpl.java:62)
	at sun.reflect.DelegatingMethodAccessorImpl.invoke(DelegatingMethodAccessorImpl.java:43)
	at java.lang.reflect.Method.invoke(Method.java:498)
	at org.gradle.internal.dispatch.ReflectionDispatch.dispatch(ReflectionDispatch.java:35)
	at org.gradle.internal.dispatch.ReflectionDispatch.dispatch(ReflectionDispatch.java:24)
	at org.gradle.internal.dispatch.ContextClassLoaderDispatch.dispatch(ContextClassLoaderDispatch.java:32)
	at org.gradle.internal.dispatch.ProxyDispatchAdapter$DispatchingInvocationHandler.invoke(ProxyDispatchAdapter.java:93)
	at com.sun.proxy.$Proxy2.processTestClass(Unknown Source)
	at org.gradle.api.internal.tasks.testing.worker.TestWorker.processTestClass(TestWorker.java:109)
	at sun.reflect.NativeMethodAccessorImpl.invoke0(Native Method)
	at sun.reflect.NativeMethodAccessorImpl.invoke(NativeMethodAccessorImpl.java:62)
	at sun.reflect.DelegatingMethodAccessorImpl.invoke(DelegatingMethodAccessorImpl.java:43)
	at java.lang.reflect.Method.invoke(Method.java:498)
	at org.gradle.internal.dispatch.ReflectionDispatch.dispatch(ReflectionDispatch.java:35)
	at org.gradle.internal.dispatch.ReflectionDispatch.dispatch(ReflectionDispatch.java:24)
	at org.gradle.internal.remote.internal.hub.MessageHubBackedObjectConnection$DispatchWrapper.dispatch(MessageHubBackedObjectConnection.java:147)
	at org.gradle.internal.remote.internal.hub.MessageHubBackedObjectConnection$DispatchWrapper.dispatch(MessageHubBackedObjectConnection.java:129)
	at org.gradle.internal.remote.internal.hub.MessageHub$Handler.run(MessageHub.java:404)
	at org.gradle.internal.concurrent.ExecutorPolicy$CatchAndRecordFailures.onExecute(ExecutorPolicy.java:63)
	at org.gradle.internal.concurrent.StoppableExecutorImpl$1.run(StoppableExecutorImpl.java:46)
	at java.util.concurrent.ThreadPoolExecutor.runWorker(ThreadPoolExecutor.java:1142)
	at java.util.concurrent.ThreadPoolExecutor$Worker.run(ThreadPoolExecutor.java:617)
	at java.lang.Thread.run(Thread.java:745)
Caused by: java.net.ConnectException: Connection refused: no further information
	at sun.nio.ch.SocketChannelImpl.checkConnect(Native Method)
	at sun.nio.ch.SocketChannelImpl.finishConnect(SocketChannelImpl.java:717)
	at sun.nio.ch.SocketAdaptor.connect(SocketAdaptor.java:111)
	at org.neo4j.driver.internal.net.ChannelFactory.connect(ChannelFactory.java:79)
	at org.neo4j.driver.internal.net.ChannelFactory.create(ChannelFactory.java:41)
	at org.neo4j.driver.internal.net.SocketClient.start(SocketClient.java:126)
	... 64 more
</failure>
  </testcase>
  <testcase name="task3jIsCorrect" classname="testpackage.TestClass" time="0.0">
    <failure message="org.neo4j.driver.v1.exceptions.ServiceUnavailableException: Unable to connect to localhost:7687, ensure the database is running and that there is a working network connection to it." type="org.neo4j.driver.v1.exceptions.ServiceUnavailableException">org.neo4j.driver.v1.exceptions.ServiceUnavailableException: Unable to connect to localhost:7687, ensure the database is running and that there is a working network connection to it.
	at org.neo4j.driver.internal.net.SocketClient.start(SocketClient.java:132)
	at org.neo4j.driver.internal.net.SocketConnection.startSocketClient(SocketConnection.java:92)
	at org.neo4j.driver.internal.net.SocketConnection.&lt;init&gt;(SocketConnection.java:67)
	at org.neo4j.driver.internal.net.SocketConnector.createConnection(SocketConnector.java:77)
	at org.neo4j.driver.internal.net.SocketConnector.connect(SocketConnector.java:50)
	at org.neo4j.driver.internal.net.pooling.SocketConnectionPool$ConnectionSupplier.get(SocketConnectionPool.java:216)
	at org.neo4j.driver.internal.net.pooling.SocketConnectionPool$ConnectionSupplier.get(SocketConnectionPool.java:198)
	at org.neo4j.driver.internal.net.pooling.BlockingPooledConnectionQueue.acquire(BlockingPooledConnectionQueue.java:96)
	at org.neo4j.driver.internal.net.pooling.SocketConnectionPool.acquireConnection(SocketConnectionPool.java:149)
	at org.neo4j.driver.internal.net.pooling.SocketConnectionPool.acquire(SocketConnectionPool.java:76)
	at org.neo4j.driver.internal.DirectConnectionProvider.acquireConnection(DirectConnectionProvider.java:47)
	at org.neo4j.driver.internal.DirectConnectionProvider.verifyConnectivity(DirectConnectionProvider.java:67)
	at org.neo4j.driver.internal.DirectConnectionProvider.&lt;init&gt;(DirectConnectionProvider.java:41)
	at org.neo4j.driver.internal.DriverFactory.createDirectDriver(DriverFactory.java:109)
	at org.neo4j.driver.internal.DriverFactory.createDriver(DriverFactory.java:93)
	at org.neo4j.driver.internal.DriverFactory.newInstance(DriverFactory.java:67)
	at org.neo4j.driver.v1.GraphDatabase.driver(GraphDatabase.java:135)
	at org.neo4j.driver.v1.GraphDatabase.driver(GraphDatabase.java:117)
	at org.neo4j.driver.v1.GraphDatabase.driver(GraphDatabase.java:92)
	at packagewithmainclass.Lab3_main.&lt;init&gt;(Lab3_main.java:14)
	at testpackage.TestClass.&lt;init&gt;(TestClass.java:9)
	at sun.reflect.NativeConstructorAccessorImpl.newInstance0(Native Method)
	at sun.reflect.NativeConstructorAccessorImpl.newInstance(NativeConstructorAccessorImpl.java:62)
	at sun.reflect.DelegatingConstructorAccessorImpl.newInstance(DelegatingConstructorAccessorImpl.java:45)
	at java.lang.reflect.Constructor.newInstance(Constructor.java:423)
	at org.junit.runners.BlockJUnit4ClassRunner.createTest(BlockJUnit4ClassRunner.java:187)
	at org.junit.runners.BlockJUnit4ClassRunner$1.runReflectiveCall(BlockJUnit4ClassRunner.java:236)
	at org.junit.internal.runners.model.ReflectiveCallable.run(ReflectiveCallable.java:15)
	at org.junit.runners.BlockJUnit4ClassRunner.methodBlock(BlockJUnit4ClassRunner.java:233)
	at org.junit.runners.BlockJUnit4ClassRunner.runChild(BlockJUnit4ClassRunner.java:68)
	at org.junit.runners.BlockJUnit4ClassRunner.runChild(BlockJUnit4ClassRunner.java:47)
	at org.junit.runners.ParentRunner$3.run(ParentRunner.java:231)
	at org.junit.runners.ParentRunner$1.schedule(ParentRunner.java:60)
	at org.junit.runners.ParentRunner.runChildren(ParentRunner.java:229)
	at org.junit.runners.ParentRunner.access$000(ParentRunner.java:50)
	at org.junit.runners.ParentRunner$2.evaluate(ParentRunner.java:222)
	at org.junit.runners.ParentRunner.run(ParentRunner.java:300)
	at org.gradle.api.internal.tasks.testing.junit.JUnitTestClassExecuter.runTestClass(JUnitTestClassExecuter.java:114)
	at org.gradle.api.internal.tasks.testing.junit.JUnitTestClassExecuter.execute(JUnitTestClassExecuter.java:57)
	at org.gradle.api.internal.tasks.testing.junit.JUnitTestClassProcessor.processTestClass(JUnitTestClassProcessor.java:66)
	at org.gradle.api.internal.tasks.testing.SuiteTestClassProcessor.processTestClass(SuiteTestClassProcessor.java:51)
	at sun.reflect.NativeMethodAccessorImpl.invoke0(Native Method)
	at sun.reflect.NativeMethodAccessorImpl.invoke(NativeMethodAccessorImpl.java:62)
	at sun.reflect.DelegatingMethodAccessorImpl.invoke(DelegatingMethodAccessorImpl.java:43)
	at java.lang.reflect.Method.invoke(Method.java:498)
	at org.gradle.internal.dispatch.ReflectionDispatch.dispatch(ReflectionDispatch.java:35)
	at org.gradle.internal.dispatch.ReflectionDispatch.dispatch(ReflectionDispatch.java:24)
	at org.gradle.internal.dispatch.ContextClassLoaderDispatch.dispatch(ContextClassLoaderDispatch.java:32)
	at org.gradle.internal.dispatch.ProxyDispatchAdapter$DispatchingInvocationHandler.invoke(ProxyDispatchAdapter.java:93)
	at com.sun.proxy.$Proxy2.processTestClass(Unknown Source)
	at org.gradle.api.internal.tasks.testing.worker.TestWorker.processTestClass(TestWorker.java:109)
	at sun.reflect.NativeMethodAccessorImpl.invoke0(Native Method)
	at sun.reflect.NativeMethodAccessorImpl.invoke(NativeMethodAccessorImpl.java:62)
	at sun.reflect.DelegatingMethodAccessorImpl.invoke(DelegatingMethodAccessorImpl.java:43)
	at java.lang.reflect.Method.invoke(Method.java:498)
	at org.gradle.internal.dispatch.ReflectionDispatch.dispatch(ReflectionDispatch.java:35)
	at org.gradle.internal.dispatch.ReflectionDispatch.dispatch(ReflectionDispatch.java:24)
	at org.gradle.internal.remote.internal.hub.MessageHubBackedObjectConnection$DispatchWrapper.dispatch(MessageHubBackedObjectConnection.java:147)
	at org.gradle.internal.remote.internal.hub.MessageHubBackedObjectConnection$DispatchWrapper.dispatch(MessageHubBackedObjectConnection.java:129)
	at org.gradle.internal.remote.internal.hub.MessageHub$Handler.run(MessageHub.java:404)
	at org.gradle.internal.concurrent.ExecutorPolicy$CatchAndRecordFailures.onExecute(ExecutorPolicy.java:63)
	at org.gradle.internal.concurrent.StoppableExecutorImpl$1.run(StoppableExecutorImpl.java:46)
	at java.util.concurrent.ThreadPoolExecutor.runWorker(ThreadPoolExecutor.java:1142)
	at java.util.concurrent.ThreadPoolExecutor$Worker.run(ThreadPoolExecutor.java:617)
	at java.lang.Thread.run(Thread.java:745)
Caused by: java.net.ConnectException: Connection refused: no further information
	at sun.nio.ch.SocketChannelImpl.checkConnect(Native Method)
	at sun.nio.ch.SocketChannelImpl.finishConnect(SocketChannelImpl.java:717)
	at sun.nio.ch.SocketAdaptor.connect(SocketAdaptor.java:111)
	at org.neo4j.driver.internal.net.ChannelFactory.connect(ChannelFactory.java:79)
	at org.neo4j.driver.internal.net.ChannelFactory.create(ChannelFactory.java:41)
	at org.neo4j.driver.internal.net.SocketClient.start(SocketClient.java:126)
	... 64 more
</failure>
  </testcase>
  <testcase name="task4aIsCorrect" classname="testpackage.TestClass" time="0.0">
    <failure message="org.neo4j.driver.v1.exceptions.ServiceUnavailableException: Unable to connect to localhost:7687, ensure the database is running and that there is a working network connection to it." type="org.neo4j.driver.v1.exceptions.ServiceUnavailableException">org.neo4j.driver.v1.exceptions.ServiceUnavailableException: Unable to connect to localhost:7687, ensure the database is running and that there is a working network connection to it.
	at org.neo4j.driver.internal.net.SocketClient.start(SocketClient.java:132)
	at org.neo4j.driver.internal.net.SocketConnection.startSocketClient(SocketConnection.java:92)
	at org.neo4j.driver.internal.net.SocketConnection.&lt;init&gt;(SocketConnection.java:67)
	at org.neo4j.driver.internal.net.SocketConnector.createConnection(SocketConnector.java:77)
	at org.neo4j.driver.internal.net.SocketConnector.connect(SocketConnector.java:50)
	at org.neo4j.driver.internal.net.pooling.SocketConnectionPool$ConnectionSupplier.get(SocketConnectionPool.java:216)
	at org.neo4j.driver.internal.net.pooling.SocketConnectionPool$ConnectionSupplier.get(SocketConnectionPool.java:198)
	at org.neo4j.driver.internal.net.pooling.BlockingPooledConnectionQueue.acquire(BlockingPooledConnectionQueue.java:96)
	at org.neo4j.driver.internal.net.pooling.SocketConnectionPool.acquireConnection(SocketConnectionPool.java:149)
	at org.neo4j.driver.internal.net.pooling.SocketConnectionPool.acquire(SocketConnectionPool.java:76)
	at org.neo4j.driver.internal.DirectConnectionProvider.acquireConnection(DirectConnectionProvider.java:47)
	at org.neo4j.driver.internal.DirectConnectionProvider.verifyConnectivity(DirectConnectionProvider.java:67)
	at org.neo4j.driver.internal.DirectConnectionProvider.&lt;init&gt;(DirectConnectionProvider.java:41)
	at org.neo4j.driver.internal.DriverFactory.createDirectDriver(DriverFactory.java:109)
	at org.neo4j.driver.internal.DriverFactory.createDriver(DriverFactory.java:93)
	at org.neo4j.driver.internal.DriverFactory.newInstance(DriverFactory.java:67)
	at org.neo4j.driver.v1.GraphDatabase.driver(GraphDatabase.java:135)
	at org.neo4j.driver.v1.GraphDatabase.driver(GraphDatabase.java:117)
	at org.neo4j.driver.v1.GraphDatabase.driver(GraphDatabase.java:92)
	at packagewithmainclass.Lab3_main.&lt;init&gt;(Lab3_main.java:14)
	at testpackage.TestClass.&lt;init&gt;(TestClass.java:9)
	at sun.reflect.NativeConstructorAccessorImpl.newInstance0(Native Method)
	at sun.reflect.NativeConstructorAccessorImpl.newInstance(NativeConstructorAccessorImpl.java:62)
	at sun.reflect.DelegatingConstructorAccessorImpl.newInstance(DelegatingConstructorAccessorImpl.java:45)
	at java.lang.reflect.Constructor.newInstance(Constructor.java:423)
	at org.junit.runners.BlockJUnit4ClassRunner.createTest(BlockJUnit4ClassRunner.java:187)
	at org.junit.runners.BlockJUnit4ClassRunner$1.runReflectiveCall(BlockJUnit4ClassRunner.java:236)
	at org.junit.internal.runners.model.ReflectiveCallable.run(ReflectiveCallable.java:15)
	at org.junit.runners.BlockJUnit4ClassRunner.methodBlock(BlockJUnit4ClassRunner.java:233)
	at org.junit.runners.BlockJUnit4ClassRunner.runChild(BlockJUnit4ClassRunner.java:68)
	at org.junit.runners.BlockJUnit4ClassRunner.runChild(BlockJUnit4ClassRunner.java:47)
	at org.junit.runners.ParentRunner$3.run(ParentRunner.java:231)
	at org.junit.runners.ParentRunner$1.schedule(ParentRunner.java:60)
	at org.junit.runners.ParentRunner.runChildren(ParentRunner.java:229)
	at org.junit.runners.ParentRunner.access$000(ParentRunner.java:50)
	at org.junit.runners.ParentRunner$2.evaluate(ParentRunner.java:222)
	at org.junit.runners.ParentRunner.run(ParentRunner.java:300)
	at org.gradle.api.internal.tasks.testing.junit.JUnitTestClassExecuter.runTestClass(JUnitTestClassExecuter.java:114)
	at org.gradle.api.internal.tasks.testing.junit.JUnitTestClassExecuter.execute(JUnitTestClassExecuter.java:57)
	at org.gradle.api.internal.tasks.testing.junit.JUnitTestClassProcessor.processTestClass(JUnitTestClassProcessor.java:66)
	at org.gradle.api.internal.tasks.testing.SuiteTestClassProcessor.processTestClass(SuiteTestClassProcessor.java:51)
	at sun.reflect.NativeMethodAccessorImpl.invoke0(Native Method)
	at sun.reflect.NativeMethodAccessorImpl.invoke(NativeMethodAccessorImpl.java:62)
	at sun.reflect.DelegatingMethodAccessorImpl.invoke(DelegatingMethodAccessorImpl.java:43)
	at java.lang.reflect.Method.invoke(Method.java:498)
	at org.gradle.internal.dispatch.ReflectionDispatch.dispatch(ReflectionDispatch.java:35)
	at org.gradle.internal.dispatch.ReflectionDispatch.dispatch(ReflectionDispatch.java:24)
	at org.gradle.internal.dispatch.ContextClassLoaderDispatch.dispatch(ContextClassLoaderDispatch.java:32)
	at org.gradle.internal.dispatch.ProxyDispatchAdapter$DispatchingInvocationHandler.invoke(ProxyDispatchAdapter.java:93)
	at com.sun.proxy.$Proxy2.processTestClass(Unknown Source)
	at org.gradle.api.internal.tasks.testing.worker.TestWorker.processTestClass(TestWorker.java:109)
	at sun.reflect.NativeMethodAccessorImpl.invoke0(Native Method)
	at sun.reflect.NativeMethodAccessorImpl.invoke(NativeMethodAccessorImpl.java:62)
	at sun.reflect.DelegatingMethodAccessorImpl.invoke(DelegatingMethodAccessorImpl.java:43)
	at java.lang.reflect.Method.invoke(Method.java:498)
	at org.gradle.internal.dispatch.ReflectionDispatch.dispatch(ReflectionDispatch.java:35)
	at org.gradle.internal.dispatch.ReflectionDispatch.dispatch(ReflectionDispatch.java:24)
	at org.gradle.internal.remote.internal.hub.MessageHubBackedObjectConnection$DispatchWrapper.dispatch(MessageHubBackedObjectConnection.java:147)
	at org.gradle.internal.remote.internal.hub.MessageHubBackedObjectConnection$DispatchWrapper.dispatch(MessageHubBackedObjectConnection.java:129)
	at org.gradle.internal.remote.internal.hub.MessageHub$Handler.run(MessageHub.java:404)
	at org.gradle.internal.concurrent.ExecutorPolicy$CatchAndRecordFailures.onExecute(ExecutorPolicy.java:63)
	at org.gradle.internal.concurrent.StoppableExecutorImpl$1.run(StoppableExecutorImpl.java:46)
	at java.util.concurrent.ThreadPoolExecutor.runWorker(ThreadPoolExecutor.java:1142)
	at java.util.concurrent.ThreadPoolExecutor$Worker.run(ThreadPoolExecutor.java:617)
	at java.lang.Thread.run(Thread.java:745)
Caused by: java.net.ConnectException: Connection refused: no further information
	at sun.nio.ch.SocketChannelImpl.checkConnect(Native Method)
	at sun.nio.ch.SocketChannelImpl.finishConnect(SocketChannelImpl.java:717)
	at sun.nio.ch.SocketAdaptor.connect(SocketAdaptor.java:111)
	at org.neo4j.driver.internal.net.ChannelFactory.connect(ChannelFactory.java:79)
	at org.neo4j.driver.internal.net.ChannelFactory.create(ChannelFactory.java:41)
	at org.neo4j.driver.internal.net.SocketClient.start(SocketClient.java:126)
	... 64 more
</failure>
  </testcase>
  <testcase name="task4bIsCorrect" classname="testpackage.TestClass" time="0.0">
    <failure message="org.neo4j.driver.v1.exceptions.ServiceUnavailableException: Unable to connect to localhost:7687, ensure the database is running and that there is a working network connection to it." type="org.neo4j.driver.v1.exceptions.ServiceUnavailableException">org.neo4j.driver.v1.exceptions.ServiceUnavailableException: Unable to connect to localhost:7687, ensure the database is running and that there is a working network connection to it.
	at org.neo4j.driver.internal.net.SocketClient.start(SocketClient.java:132)
	at org.neo4j.driver.internal.net.SocketConnection.startSocketClient(SocketConnection.java:92)
	at org.neo4j.driver.internal.net.SocketConnection.&lt;init&gt;(SocketConnection.java:67)
	at org.neo4j.driver.internal.net.SocketConnector.createConnection(SocketConnector.java:77)
	at org.neo4j.driver.internal.net.SocketConnector.connect(SocketConnector.java:50)
	at org.neo4j.driver.internal.net.pooling.SocketConnectionPool$ConnectionSupplier.get(SocketConnectionPool.java:216)
	at org.neo4j.driver.internal.net.pooling.SocketConnectionPool$ConnectionSupplier.get(SocketConnectionPool.java:198)
	at org.neo4j.driver.internal.net.pooling.BlockingPooledConnectionQueue.acquire(BlockingPooledConnectionQueue.java:96)
	at org.neo4j.driver.internal.net.pooling.SocketConnectionPool.acquireConnection(SocketConnectionPool.java:149)
	at org.neo4j.driver.internal.net.pooling.SocketConnectionPool.acquire(SocketConnectionPool.java:76)
	at org.neo4j.driver.internal.DirectConnectionProvider.acquireConnection(DirectConnectionProvider.java:47)
	at org.neo4j.driver.internal.DirectConnectionProvider.verifyConnectivity(DirectConnectionProvider.java:67)
	at org.neo4j.driver.internal.DirectConnectionProvider.&lt;init&gt;(DirectConnectionProvider.java:41)
	at org.neo4j.driver.internal.DriverFactory.createDirectDriver(DriverFactory.java:109)
	at org.neo4j.driver.internal.DriverFactory.createDriver(DriverFactory.java:93)
	at org.neo4j.driver.internal.DriverFactory.newInstance(DriverFactory.java:67)
	at org.neo4j.driver.v1.GraphDatabase.driver(GraphDatabase.java:135)
	at org.neo4j.driver.v1.GraphDatabase.driver(GraphDatabase.java:117)
	at org.neo4j.driver.v1.GraphDatabase.driver(GraphDatabase.java:92)
	at packagewithmainclass.Lab3_main.&lt;init&gt;(Lab3_main.java:14)
	at testpackage.TestClass.&lt;init&gt;(TestClass.java:9)
	at sun.reflect.NativeConstructorAccessorImpl.newInstance0(Native Method)
	at sun.reflect.NativeConstructorAccessorImpl.newInstance(NativeConstructorAccessorImpl.java:62)
	at sun.reflect.DelegatingConstructorAccessorImpl.newInstance(DelegatingConstructorAccessorImpl.java:45)
	at java.lang.reflect.Constructor.newInstance(Constructor.java:423)
	at org.junit.runners.BlockJUnit4ClassRunner.createTest(BlockJUnit4ClassRunner.java:187)
	at org.junit.runners.BlockJUnit4ClassRunner$1.runReflectiveCall(BlockJUnit4ClassRunner.java:236)
	at org.junit.internal.runners.model.ReflectiveCallable.run(ReflectiveCallable.java:15)
	at org.junit.runners.BlockJUnit4ClassRunner.methodBlock(BlockJUnit4ClassRunner.java:233)
	at org.junit.runners.BlockJUnit4ClassRunner.runChild(BlockJUnit4ClassRunner.java:68)
	at org.junit.runners.BlockJUnit4ClassRunner.runChild(BlockJUnit4ClassRunner.java:47)
	at org.junit.runners.ParentRunner$3.run(ParentRunner.java:231)
	at org.junit.runners.ParentRunner$1.schedule(ParentRunner.java:60)
	at org.junit.runners.ParentRunner.runChildren(ParentRunner.java:229)
	at org.junit.runners.ParentRunner.access$000(ParentRunner.java:50)
	at org.junit.runners.ParentRunner$2.evaluate(ParentRunner.java:222)
	at org.junit.runners.ParentRunner.run(ParentRunner.java:300)
	at org.gradle.api.internal.tasks.testing.junit.JUnitTestClassExecuter.runTestClass(JUnitTestClassExecuter.java:114)
	at org.gradle.api.internal.tasks.testing.junit.JUnitTestClassExecuter.execute(JUnitTestClassExecuter.java:57)
	at org.gradle.api.internal.tasks.testing.junit.JUnitTestClassProcessor.processTestClass(JUnitTestClassProcessor.java:66)
	at org.gradle.api.internal.tasks.testing.SuiteTestClassProcessor.processTestClass(SuiteTestClassProcessor.java:51)
	at sun.reflect.NativeMethodAccessorImpl.invoke0(Native Method)
	at sun.reflect.NativeMethodAccessorImpl.invoke(NativeMethodAccessorImpl.java:62)
	at sun.reflect.DelegatingMethodAccessorImpl.invoke(DelegatingMethodAccessorImpl.java:43)
	at java.lang.reflect.Method.invoke(Method.java:498)
	at org.gradle.internal.dispatch.ReflectionDispatch.dispatch(ReflectionDispatch.java:35)
	at org.gradle.internal.dispatch.ReflectionDispatch.dispatch(ReflectionDispatch.java:24)
	at org.gradle.internal.dispatch.ContextClassLoaderDispatch.dispatch(ContextClassLoaderDispatch.java:32)
	at org.gradle.internal.dispatch.ProxyDispatchAdapter$DispatchingInvocationHandler.invoke(ProxyDispatchAdapter.java:93)
	at com.sun.proxy.$Proxy2.processTestClass(Unknown Source)
	at org.gradle.api.internal.tasks.testing.worker.TestWorker.processTestClass(TestWorker.java:109)
	at sun.reflect.NativeMethodAccessorImpl.invoke0(Native Method)
	at sun.reflect.NativeMethodAccessorImpl.invoke(NativeMethodAccessorImpl.java:62)
	at sun.reflect.DelegatingMethodAccessorImpl.invoke(DelegatingMethodAccessorImpl.java:43)
	at java.lang.reflect.Method.invoke(Method.java:498)
	at org.gradle.internal.dispatch.ReflectionDispatch.dispatch(ReflectionDispatch.java:35)
	at org.gradle.internal.dispatch.ReflectionDispatch.dispatch(ReflectionDispatch.java:24)
	at org.gradle.internal.remote.internal.hub.MessageHubBackedObjectConnection$DispatchWrapper.dispatch(MessageHubBackedObjectConnection.java:147)
	at org.gradle.internal.remote.internal.hub.MessageHubBackedObjectConnection$DispatchWrapper.dispatch(MessageHubBackedObjectConnection.java:129)
	at org.gradle.internal.remote.internal.hub.MessageHub$Handler.run(MessageHub.java:404)
	at org.gradle.internal.concurrent.ExecutorPolicy$CatchAndRecordFailures.onExecute(ExecutorPolicy.java:63)
	at org.gradle.internal.concurrent.StoppableExecutorImpl$1.run(StoppableExecutorImpl.java:46)
	at java.util.concurrent.ThreadPoolExecutor.runWorker(ThreadPoolExecutor.java:1142)
	at java.util.concurrent.ThreadPoolExecutor$Worker.run(ThreadPoolExecutor.java:617)
	at java.lang.Thread.run(Thread.java:745)
Caused by: java.net.ConnectException: Connection refused: no further information
	at sun.nio.ch.SocketChannelImpl.checkConnect(Native Method)
	at sun.nio.ch.SocketChannelImpl.finishConnect(SocketChannelImpl.java:717)
	at sun.nio.ch.SocketAdaptor.connect(SocketAdaptor.java:111)
	at org.neo4j.driver.internal.net.ChannelFactory.connect(ChannelFactory.java:79)
	at org.neo4j.driver.internal.net.ChannelFactory.create(ChannelFactory.java:41)
	at org.neo4j.driver.internal.net.SocketClient.start(SocketClient.java:126)
	... 64 more
</failure>
  </testcase>
  <testcase name="task4cIsCorrect" classname="testpackage.TestClass" time="0.0">
    <failure message="org.neo4j.driver.v1.exceptions.ServiceUnavailableException: Unable to connect to localhost:7687, ensure the database is running and that there is a working network connection to it." type="org.neo4j.driver.v1.exceptions.ServiceUnavailableException">org.neo4j.driver.v1.exceptions.ServiceUnavailableException: Unable to connect to localhost:7687, ensure the database is running and that there is a working network connection to it.
	at org.neo4j.driver.internal.net.SocketClient.start(SocketClient.java:132)
	at org.neo4j.driver.internal.net.SocketConnection.startSocketClient(SocketConnection.java:92)
	at org.neo4j.driver.internal.net.SocketConnection.&lt;init&gt;(SocketConnection.java:67)
	at org.neo4j.driver.internal.net.SocketConnector.createConnection(SocketConnector.java:77)
	at org.neo4j.driver.internal.net.SocketConnector.connect(SocketConnector.java:50)
	at org.neo4j.driver.internal.net.pooling.SocketConnectionPool$ConnectionSupplier.get(SocketConnectionPool.java:216)
	at org.neo4j.driver.internal.net.pooling.SocketConnectionPool$ConnectionSupplier.get(SocketConnectionPool.java:198)
	at org.neo4j.driver.internal.net.pooling.BlockingPooledConnectionQueue.acquire(BlockingPooledConnectionQueue.java:96)
	at org.neo4j.driver.internal.net.pooling.SocketConnectionPool.acquireConnection(SocketConnectionPool.java:149)
	at org.neo4j.driver.internal.net.pooling.SocketConnectionPool.acquire(SocketConnectionPool.java:76)
	at org.neo4j.driver.internal.DirectConnectionProvider.acquireConnection(DirectConnectionProvider.java:47)
	at org.neo4j.driver.internal.DirectConnectionProvider.verifyConnectivity(DirectConnectionProvider.java:67)
	at org.neo4j.driver.internal.DirectConnectionProvider.&lt;init&gt;(DirectConnectionProvider.java:41)
	at org.neo4j.driver.internal.DriverFactory.createDirectDriver(DriverFactory.java:109)
	at org.neo4j.driver.internal.DriverFactory.createDriver(DriverFactory.java:93)
	at org.neo4j.driver.internal.DriverFactory.newInstance(DriverFactory.java:67)
	at org.neo4j.driver.v1.GraphDatabase.driver(GraphDatabase.java:135)
	at org.neo4j.driver.v1.GraphDatabase.driver(GraphDatabase.java:117)
	at org.neo4j.driver.v1.GraphDatabase.driver(GraphDatabase.java:92)
	at packagewithmainclass.Lab3_main.&lt;init&gt;(Lab3_main.java:14)
	at testpackage.TestClass.&lt;init&gt;(TestClass.java:9)
	at sun.reflect.NativeConstructorAccessorImpl.newInstance0(Native Method)
	at sun.reflect.NativeConstructorAccessorImpl.newInstance(NativeConstructorAccessorImpl.java:62)
	at sun.reflect.DelegatingConstructorAccessorImpl.newInstance(DelegatingConstructorAccessorImpl.java:45)
	at java.lang.reflect.Constructor.newInstance(Constructor.java:423)
	at org.junit.runners.BlockJUnit4ClassRunner.createTest(BlockJUnit4ClassRunner.java:187)
	at org.junit.runners.BlockJUnit4ClassRunner$1.runReflectiveCall(BlockJUnit4ClassRunner.java:236)
	at org.junit.internal.runners.model.ReflectiveCallable.run(ReflectiveCallable.java:15)
	at org.junit.runners.BlockJUnit4ClassRunner.methodBlock(BlockJUnit4ClassRunner.java:233)
	at org.junit.runners.BlockJUnit4ClassRunner.runChild(BlockJUnit4ClassRunner.java:68)
	at org.junit.runners.BlockJUnit4ClassRunner.runChild(BlockJUnit4ClassRunner.java:47)
	at org.junit.runners.ParentRunner$3.run(ParentRunner.java:231)
	at org.junit.runners.ParentRunner$1.schedule(ParentRunner.java:60)
	at org.junit.runners.ParentRunner.runChildren(ParentRunner.java:229)
	at org.junit.runners.ParentRunner.access$000(ParentRunner.java:50)
	at org.junit.runners.ParentRunner$2.evaluate(ParentRunner.java:222)
	at org.junit.runners.ParentRunner.run(ParentRunner.java:300)
	at org.gradle.api.internal.tasks.testing.junit.JUnitTestClassExecuter.runTestClass(JUnitTestClassExecuter.java:114)
	at org.gradle.api.internal.tasks.testing.junit.JUnitTestClassExecuter.execute(JUnitTestClassExecuter.java:57)
	at org.gradle.api.internal.tasks.testing.junit.JUnitTestClassProcessor.processTestClass(JUnitTestClassProcessor.java:66)
	at org.gradle.api.internal.tasks.testing.SuiteTestClassProcessor.processTestClass(SuiteTestClassProcessor.java:51)
	at sun.reflect.NativeMethodAccessorImpl.invoke0(Native Method)
	at sun.reflect.NativeMethodAccessorImpl.invoke(NativeMethodAccessorImpl.java:62)
	at sun.reflect.DelegatingMethodAccessorImpl.invoke(DelegatingMethodAccessorImpl.java:43)
	at java.lang.reflect.Method.invoke(Method.java:498)
	at org.gradle.internal.dispatch.ReflectionDispatch.dispatch(ReflectionDispatch.java:35)
	at org.gradle.internal.dispatch.ReflectionDispatch.dispatch(ReflectionDispatch.java:24)
	at org.gradle.internal.dispatch.ContextClassLoaderDispatch.dispatch(ContextClassLoaderDispatch.java:32)
	at org.gradle.internal.dispatch.ProxyDispatchAdapter$DispatchingInvocationHandler.invoke(ProxyDispatchAdapter.java:93)
	at com.sun.proxy.$Proxy2.processTestClass(Unknown Source)
	at org.gradle.api.internal.tasks.testing.worker.TestWorker.processTestClass(TestWorker.java:109)
	at sun.reflect.NativeMethodAccessorImpl.invoke0(Native Method)
	at sun.reflect.NativeMethodAccessorImpl.invoke(NativeMethodAccessorImpl.java:62)
	at sun.reflect.DelegatingMethodAccessorImpl.invoke(DelegatingMethodAccessorImpl.java:43)
	at java.lang.reflect.Method.invoke(Method.java:498)
	at org.gradle.internal.dispatch.ReflectionDispatch.dispatch(ReflectionDispatch.java:35)
	at org.gradle.internal.dispatch.ReflectionDispatch.dispatch(ReflectionDispatch.java:24)
	at org.gradle.internal.remote.internal.hub.MessageHubBackedObjectConnection$DispatchWrapper.dispatch(MessageHubBackedObjectConnection.java:147)
	at org.gradle.internal.remote.internal.hub.MessageHubBackedObjectConnection$DispatchWrapper.dispatch(MessageHubBackedObjectConnection.java:129)
	at org.gradle.internal.remote.internal.hub.MessageHub$Handler.run(MessageHub.java:404)
	at org.gradle.internal.concurrent.ExecutorPolicy$CatchAndRecordFailures.onExecute(ExecutorPolicy.java:63)
	at org.gradle.internal.concurrent.StoppableExecutorImpl$1.run(StoppableExecutorImpl.java:46)
	at java.util.concurrent.ThreadPoolExecutor.runWorker(ThreadPoolExecutor.java:1142)
	at java.util.concurrent.ThreadPoolExecutor$Worker.run(ThreadPoolExecutor.java:617)
	at java.lang.Thread.run(Thread.java:745)
Caused by: java.net.ConnectException: Connection refused: no further information
	at sun.nio.ch.SocketChannelImpl.checkConnect(Native Method)
	at sun.nio.ch.SocketChannelImpl.finishConnect(SocketChannelImpl.java:717)
	at sun.nio.ch.SocketAdaptor.connect(SocketAdaptor.java:111)
	at org.neo4j.driver.internal.net.ChannelFactory.connect(ChannelFactory.java:79)
	at org.neo4j.driver.internal.net.ChannelFactory.create(ChannelFactory.java:41)
	at org.neo4j.driver.internal.net.SocketClient.start(SocketClient.java:126)
	... 64 more
</failure>
  </testcase>
  <testcase name="task4dIsCorrect" classname="testpackage.TestClass" time="0.0">
    <failure message="org.neo4j.driver.v1.exceptions.ServiceUnavailableException: Unable to connect to localhost:7687, ensure the database is running and that there is a working network connection to it." type="org.neo4j.driver.v1.exceptions.ServiceUnavailableException">org.neo4j.driver.v1.exceptions.ServiceUnavailableException: Unable to connect to localhost:7687, ensure the database is running and that there is a working network connection to it.
	at org.neo4j.driver.internal.net.SocketClient.start(SocketClient.java:132)
	at org.neo4j.driver.internal.net.SocketConnection.startSocketClient(SocketConnection.java:92)
	at org.neo4j.driver.internal.net.SocketConnection.&lt;init&gt;(SocketConnection.java:67)
	at org.neo4j.driver.internal.net.SocketConnector.createConnection(SocketConnector.java:77)
	at org.neo4j.driver.internal.net.SocketConnector.connect(SocketConnector.java:50)
	at org.neo4j.driver.internal.net.pooling.SocketConnectionPool$ConnectionSupplier.get(SocketConnectionPool.java:216)
	at org.neo4j.driver.internal.net.pooling.SocketConnectionPool$ConnectionSupplier.get(SocketConnectionPool.java:198)
	at org.neo4j.driver.internal.net.pooling.BlockingPooledConnectionQueue.acquire(BlockingPooledConnectionQueue.java:96)
	at org.neo4j.driver.internal.net.pooling.SocketConnectionPool.acquireConnection(SocketConnectionPool.java:149)
	at org.neo4j.driver.internal.net.pooling.SocketConnectionPool.acquire(SocketConnectionPool.java:76)
	at org.neo4j.driver.internal.DirectConnectionProvider.acquireConnection(DirectConnectionProvider.java:47)
	at org.neo4j.driver.internal.DirectConnectionProvider.verifyConnectivity(DirectConnectionProvider.java:67)
	at org.neo4j.driver.internal.DirectConnectionProvider.&lt;init&gt;(DirectConnectionProvider.java:41)
	at org.neo4j.driver.internal.DriverFactory.createDirectDriver(DriverFactory.java:109)
	at org.neo4j.driver.internal.DriverFactory.createDriver(DriverFactory.java:93)
	at org.neo4j.driver.internal.DriverFactory.newInstance(DriverFactory.java:67)
	at org.neo4j.driver.v1.GraphDatabase.driver(GraphDatabase.java:135)
	at org.neo4j.driver.v1.GraphDatabase.driver(GraphDatabase.java:117)
	at org.neo4j.driver.v1.GraphDatabase.driver(GraphDatabase.java:92)
	at packagewithmainclass.Lab3_main.&lt;init&gt;(Lab3_main.java:14)
	at testpackage.TestClass.&lt;init&gt;(TestClass.java:9)
	at sun.reflect.NativeConstructorAccessorImpl.newInstance0(Native Method)
	at sun.reflect.NativeConstructorAccessorImpl.newInstance(NativeConstructorAccessorImpl.java:62)
	at sun.reflect.DelegatingConstructorAccessorImpl.newInstance(DelegatingConstructorAccessorImpl.java:45)
	at java.lang.reflect.Constructor.newInstance(Constructor.java:423)
	at org.junit.runners.BlockJUnit4ClassRunner.createTest(BlockJUnit4ClassRunner.java:187)
	at org.junit.runners.BlockJUnit4ClassRunner$1.runReflectiveCall(BlockJUnit4ClassRunner.java:236)
	at org.junit.internal.runners.model.ReflectiveCallable.run(ReflectiveCallable.java:15)
	at org.junit.runners.BlockJUnit4ClassRunner.methodBlock(BlockJUnit4ClassRunner.java:233)
	at org.junit.runners.BlockJUnit4ClassRunner.runChild(BlockJUnit4ClassRunner.java:68)
	at org.junit.runners.BlockJUnit4ClassRunner.runChild(BlockJUnit4ClassRunner.java:47)
	at org.junit.runners.ParentRunner$3.run(ParentRunner.java:231)
	at org.junit.runners.ParentRunner$1.schedule(ParentRunner.java:60)
	at org.junit.runners.ParentRunner.runChildren(ParentRunner.java:229)
	at org.junit.runners.ParentRunner.access$000(ParentRunner.java:50)
	at org.junit.runners.ParentRunner$2.evaluate(ParentRunner.java:222)
	at org.junit.runners.ParentRunner.run(ParentRunner.java:300)
	at org.gradle.api.internal.tasks.testing.junit.JUnitTestClassExecuter.runTestClass(JUnitTestClassExecuter.java:114)
	at org.gradle.api.internal.tasks.testing.junit.JUnitTestClassExecuter.execute(JUnitTestClassExecuter.java:57)
	at org.gradle.api.internal.tasks.testing.junit.JUnitTestClassProcessor.processTestClass(JUnitTestClassProcessor.java:66)
	at org.gradle.api.internal.tasks.testing.SuiteTestClassProcessor.processTestClass(SuiteTestClassProcessor.java:51)
	at sun.reflect.NativeMethodAccessorImpl.invoke0(Native Method)
	at sun.reflect.NativeMethodAccessorImpl.invoke(NativeMethodAccessorImpl.java:62)
	at sun.reflect.DelegatingMethodAccessorImpl.invoke(DelegatingMethodAccessorImpl.java:43)
	at java.lang.reflect.Method.invoke(Method.java:498)
	at org.gradle.internal.dispatch.ReflectionDispatch.dispatch(ReflectionDispatch.java:35)
	at org.gradle.internal.dispatch.ReflectionDispatch.dispatch(ReflectionDispatch.java:24)
	at org.gradle.internal.dispatch.ContextClassLoaderDispatch.dispatch(ContextClassLoaderDispatch.java:32)
	at org.gradle.internal.dispatch.ProxyDispatchAdapter$DispatchingInvocationHandler.invoke(ProxyDispatchAdapter.java:93)
	at com.sun.proxy.$Proxy2.processTestClass(Unknown Source)
	at org.gradle.api.internal.tasks.testing.worker.TestWorker.processTestClass(TestWorker.java:109)
	at sun.reflect.NativeMethodAccessorImpl.invoke0(Native Method)
	at sun.reflect.NativeMethodAccessorImpl.invoke(NativeMethodAccessorImpl.java:62)
	at sun.reflect.DelegatingMethodAccessorImpl.invoke(DelegatingMethodAccessorImpl.java:43)
	at java.lang.reflect.Method.invoke(Method.java:498)
	at org.gradle.internal.dispatch.ReflectionDispatch.dispatch(ReflectionDispatch.java:35)
	at org.gradle.internal.dispatch.ReflectionDispatch.dispatch(ReflectionDispatch.java:24)
	at org.gradle.internal.remote.internal.hub.MessageHubBackedObjectConnection$DispatchWrapper.dispatch(MessageHubBackedObjectConnection.java:147)
	at org.gradle.internal.remote.internal.hub.MessageHubBackedObjectConnection$DispatchWrapper.dispatch(MessageHubBackedObjectConnection.java:129)
	at org.gradle.internal.remote.internal.hub.MessageHub$Handler.run(MessageHub.java:404)
	at org.gradle.internal.concurrent.ExecutorPolicy$CatchAndRecordFailures.onExecute(ExecutorPolicy.java:63)
	at org.gradle.internal.concurrent.StoppableExecutorImpl$1.run(StoppableExecutorImpl.java:46)
	at java.util.concurrent.ThreadPoolExecutor.runWorker(ThreadPoolExecutor.java:1142)
	at java.util.concurrent.ThreadPoolExecutor$Worker.run(ThreadPoolExecutor.java:617)
	at java.lang.Thread.run(Thread.java:745)
Caused by: java.net.ConnectException: Connection refused: no further information
	at sun.nio.ch.SocketChannelImpl.checkConnect(Native Method)
	at sun.nio.ch.SocketChannelImpl.finishConnect(SocketChannelImpl.java:717)
	at sun.nio.ch.SocketAdaptor.connect(SocketAdaptor.java:111)
	at org.neo4j.driver.internal.net.ChannelFactory.connect(ChannelFactory.java:79)
	at org.neo4j.driver.internal.net.ChannelFactory.create(ChannelFactory.java:41)
	at org.neo4j.driver.internal.net.SocketClient.start(SocketClient.java:126)
	... 64 more
</failure>
  </testcase>
  <testcase name="task4iIsCorrect" classname="testpackage.TestClass" time="0.0">
    <failure message="org.neo4j.driver.v1.exceptions.ServiceUnavailableException: Unable to connect to localhost:7687, ensure the database is running and that there is a working network connection to it." type="org.neo4j.driver.v1.exceptions.ServiceUnavailableException">org.neo4j.driver.v1.exceptions.ServiceUnavailableException: Unable to connect to localhost:7687, ensure the database is running and that there is a working network connection to it.
	at org.neo4j.driver.internal.net.SocketClient.start(SocketClient.java:132)
	at org.neo4j.driver.internal.net.SocketConnection.startSocketClient(SocketConnection.java:92)
	at org.neo4j.driver.internal.net.SocketConnection.&lt;init&gt;(SocketConnection.java:67)
	at org.neo4j.driver.internal.net.SocketConnector.createConnection(SocketConnector.java:77)
	at org.neo4j.driver.internal.net.SocketConnector.connect(SocketConnector.java:50)
	at org.neo4j.driver.internal.net.pooling.SocketConnectionPool$ConnectionSupplier.get(SocketConnectionPool.java:216)
	at org.neo4j.driver.internal.net.pooling.SocketConnectionPool$ConnectionSupplier.get(SocketConnectionPool.java:198)
	at org.neo4j.driver.internal.net.pooling.BlockingPooledConnectionQueue.acquire(BlockingPooledConnectionQueue.java:96)
	at org.neo4j.driver.internal.net.pooling.SocketConnectionPool.acquireConnection(SocketConnectionPool.java:149)
	at org.neo4j.driver.internal.net.pooling.SocketConnectionPool.acquire(SocketConnectionPool.java:76)
	at org.neo4j.driver.internal.DirectConnectionProvider.acquireConnection(DirectConnectionProvider.java:47)
	at org.neo4j.driver.internal.DirectConnectionProvider.verifyConnectivity(DirectConnectionProvider.java:67)
	at org.neo4j.driver.internal.DirectConnectionProvider.&lt;init&gt;(DirectConnectionProvider.java:41)
	at org.neo4j.driver.internal.DriverFactory.createDirectDriver(DriverFactory.java:109)
	at org.neo4j.driver.internal.DriverFactory.createDriver(DriverFactory.java:93)
	at org.neo4j.driver.internal.DriverFactory.newInstance(DriverFactory.java:67)
	at org.neo4j.driver.v1.GraphDatabase.driver(GraphDatabase.java:135)
	at org.neo4j.driver.v1.GraphDatabase.driver(GraphDatabase.java:117)
	at org.neo4j.driver.v1.GraphDatabase.driver(GraphDatabase.java:92)
	at packagewithmainclass.Lab3_main.&lt;init&gt;(Lab3_main.java:14)
	at testpackage.TestClass.&lt;init&gt;(TestClass.java:9)
	at sun.reflect.NativeConstructorAccessorImpl.newInstance0(Native Method)
	at sun.reflect.NativeConstructorAccessorImpl.newInstance(NativeConstructorAccessorImpl.java:62)
	at sun.reflect.DelegatingConstructorAccessorImpl.newInstance(DelegatingConstructorAccessorImpl.java:45)
	at java.lang.reflect.Constructor.newInstance(Constructor.java:423)
	at org.junit.runners.BlockJUnit4ClassRunner.createTest(BlockJUnit4ClassRunner.java:187)
	at org.junit.runners.BlockJUnit4ClassRunner$1.runReflectiveCall(BlockJUnit4ClassRunner.java:236)
	at org.junit.internal.runners.model.ReflectiveCallable.run(ReflectiveCallable.java:15)
	at org.junit.runners.BlockJUnit4ClassRunner.methodBlock(BlockJUnit4ClassRunner.java:233)
	at org.junit.runners.BlockJUnit4ClassRunner.runChild(BlockJUnit4ClassRunner.java:68)
	at org.junit.runners.BlockJUnit4ClassRunner.runChild(BlockJUnit4ClassRunner.java:47)
	at org.junit.runners.ParentRunner$3.run(ParentRunner.java:231)
	at org.junit.runners.ParentRunner$1.schedule(ParentRunner.java:60)
	at org.junit.runners.ParentRunner.runChildren(ParentRunner.java:229)
	at org.junit.runners.ParentRunner.access$000(ParentRunner.java:50)
	at org.junit.runners.ParentRunner$2.evaluate(ParentRunner.java:222)
	at org.junit.runners.ParentRunner.run(ParentRunner.java:300)
	at org.gradle.api.internal.tasks.testing.junit.JUnitTestClassExecuter.runTestClass(JUnitTestClassExecuter.java:114)
	at org.gradle.api.internal.tasks.testing.junit.JUnitTestClassExecuter.execute(JUnitTestClassExecuter.java:57)
	at org.gradle.api.internal.tasks.testing.junit.JUnitTestClassProcessor.processTestClass(JUnitTestClassProcessor.java:66)
	at org.gradle.api.internal.tasks.testing.SuiteTestClassProcessor.processTestClass(SuiteTestClassProcessor.java:51)
	at sun.reflect.NativeMethodAccessorImpl.invoke0(Native Method)
	at sun.reflect.NativeMethodAccessorImpl.invoke(NativeMethodAccessorImpl.java:62)
	at sun.reflect.DelegatingMethodAccessorImpl.invoke(DelegatingMethodAccessorImpl.java:43)
	at java.lang.reflect.Method.invoke(Method.java:498)
	at org.gradle.internal.dispatch.ReflectionDispatch.dispatch(ReflectionDispatch.java:35)
	at org.gradle.internal.dispatch.ReflectionDispatch.dispatch(ReflectionDispatch.java:24)
	at org.gradle.internal.dispatch.ContextClassLoaderDispatch.dispatch(ContextClassLoaderDispatch.java:32)
	at org.gradle.internal.dispatch.ProxyDispatchAdapter$DispatchingInvocationHandler.invoke(ProxyDispatchAdapter.java:93)
	at com.sun.proxy.$Proxy2.processTestClass(Unknown Source)
	at org.gradle.api.internal.tasks.testing.worker.TestWorker.processTestClass(TestWorker.java:109)
	at sun.reflect.NativeMethodAccessorImpl.invoke0(Native Method)
	at sun.reflect.NativeMethodAccessorImpl.invoke(NativeMethodAccessorImpl.java:62)
	at sun.reflect.DelegatingMethodAccessorImpl.invoke(DelegatingMethodAccessorImpl.java:43)
	at java.lang.reflect.Method.invoke(Method.java:498)
	at org.gradle.internal.dispatch.ReflectionDispatch.dispatch(ReflectionDispatch.java:35)
	at org.gradle.internal.dispatch.ReflectionDispatch.dispatch(ReflectionDispatch.java:24)
	at org.gradle.internal.remote.internal.hub.MessageHubBackedObjectConnection$DispatchWrapper.dispatch(MessageHubBackedObjectConnection.java:147)
	at org.gradle.internal.remote.internal.hub.MessageHubBackedObjectConnection$DispatchWrapper.dispatch(MessageHubBackedObjectConnection.java:129)
	at org.gradle.internal.remote.internal.hub.MessageHub$Handler.run(MessageHub.java:404)
	at org.gradle.internal.concurrent.ExecutorPolicy$CatchAndRecordFailures.onExecute(ExecutorPolicy.java:63)
	at org.gradle.internal.concurrent.StoppableExecutorImpl$1.run(StoppableExecutorImpl.java:46)
	at java.util.concurrent.ThreadPoolExecutor.runWorker(ThreadPoolExecutor.java:1142)
	at java.util.concurrent.ThreadPoolExecutor$Worker.run(ThreadPoolExecutor.java:617)
	at java.lang.Thread.run(Thread.java:745)
Caused by: java.net.ConnectException: Connection refused: no further information
	at sun.nio.ch.SocketChannelImpl.checkConnect(Native Method)
	at sun.nio.ch.SocketChannelImpl.finishConnect(SocketChannelImpl.java:717)
	at sun.nio.ch.SocketAdaptor.connect(SocketAdaptor.java:111)
	at org.neo4j.driver.internal.net.ChannelFactory.connect(ChannelFactory.java:79)
	at org.neo4j.driver.internal.net.ChannelFactory.create(ChannelFactory.java:41)
	at org.neo4j.driver.internal.net.SocketClient.start(SocketClient.java:126)
	... 64 more
</failure>
  </testcase>
  <system-out><![CDATA[]]></system-out>
  <system-err><![CDATA[]]></system-err>
</testsuite>
